==
||
|| Begin Execution of ert in slurm batch script.
||
==
==1577402== Callgrind, a call-graph generating cache profiler
==1577402== Copyright (C) 2002-2017, and GNU GPL'd, by Josef Weidendorfer et al.
==1577402== Using Valgrind-3.17.0 and LibVEX; rerun with -h for copyright info
==1577402== Command: ./esPIC -nPEx 2 -nPEy 2 -nCellx 10 -nCelly 10 -flux 400. -vx_bdy 1. -npHat 80. -tEnd 0.1 -dt .01
==1577402== 
==1577402== For interactive control, run 'callgrind_control -h'.
==1577399== Callgrind, a call-graph generating cache profiler
==1577399== Copyright (C) 2002-2017, and GNU GPL'd, by Josef Weidendorfer et al.
==1577399== Using Valgrind-3.17.0 and LibVEX; rerun with -h for copyright info
==1577399== Command: ./esPIC -nPEx 2 -nPEy 2 -nCellx 10 -nCelly 10 -flux 400. -vx_bdy 1. -npHat 80. -tEnd 0.1 -dt .01
==1577399== 
==1577400== Callgrind, a call-graph generating cache profiler
==1577400== Copyright (C) 2002-2017, and GNU GPL'd, by Josef Weidendorfer et al.
==1577400== Using Valgrind-3.17.0 and LibVEX; rerun with -h for copyright info
==1577400== Command: ./esPIC -nPEx 2 -nPEy 2 -nCellx 10 -nCelly 10 -flux 400. -vx_bdy 1. -npHat 80. -tEnd 0.1 -dt .01
==1577400== 
==1577401== Callgrind, a call-graph generating cache profiler
==1577401== Copyright (C) 2002-2017, and GNU GPL'd, by Josef Weidendorfer et al.
==1577401== Using Valgrind-3.17.0 and LibVEX; rerun with -h for copyright info
==1577401== Command: ./esPIC -nPEx 2 -nPEy 2 -nCellx 10 -nCelly 10 -flux 400. -vx_bdy 1. -npHat 80. -tEnd 0.1 -dt .01
==1577401== 
==1577401== For interactive control, run 'callgrind_control -h'.
==1577399== For interactive control, run 'callgrind_control -h'.
==1577400== For interactive control, run 'callgrind_control -h'.
==1577399== Warning: noted but unhandled ioctl 0x7800 with no size/direction hints.
==1577399==    This could cause spurious value errors to appear.
==1577399==    See README_MISSING_SYSCALL_OR_IOCTL for guidance on writing a proper wrapper.
==1577400== Warning: noted but unhandled ioctl 0x7800 with no size/direction hints.
==1577400==    This could cause spurious value errors to appear.
==1577400==    See README_MISSING_SYSCALL_OR_IOCTL for guidance on writing a proper wrapper.
==1577402== Warning: noted but unhandled ioctl 0x7800 with no size/direction hints.
==1577402==    This could cause spurious value errors to appear.
==1577402==    See README_MISSING_SYSCALL_OR_IOCTL for guidance on writing a proper wrapper.
==1577401== Warning: noted but unhandled ioctl 0x7800 with no size/direction hints.
==1577401==    This could cause spurious value errors to appear.
==1577401==    See README_MISSING_SYSCALL_OR_IOCTL for guidance on writing a proper wrapper.
==1577399== brk segment overflow in thread #1: can't grow to 0x4a30000
==1577399== (see section Limitations in user manual)
==1577399== NOTE: further instances of this message will not be shown
==1577400== brk segment overflow in thread #1: can't grow to 0x4a30000
==1577400== (see section Limitations in user manual)
==1577400== NOTE: further instances of this message will not be shown
==1577402== brk segment overflow in thread #1: can't grow to 0x4a30000
==1577402== (see section Limitations in user manual)
==1577402== NOTE: further instances of this message will not be shown
==1577401== brk segment overflow in thread #1: can't grow to 0x4a30000
==1577401== (see section Limitations in user manual)
==1577401== NOTE: further instances of this message will not be shown
==1577399== WARNING: valgrind ignores shmget(shmflg) SHM_HUGETLB
==1577400== WARNING: valgrind ignores shmget(shmflg) SHM_HUGETLB
==1577401== WARNING: valgrind ignores shmget(shmflg) SHM_HUGETLB
==1577402== WARNING: valgrind ignores shmget(shmflg) SHM_HUGETLB
==1577400== 
==1577399== 
==1577401== 
==1577402== 
==1577400== Events    : Ir
==1577400== Collected : 781668905
==1577400== 
==1577400== I   refs:      781,668,905
==1577402== Events    : Ir
==1577402== Collected : 778608373
==1577402== 
==1577402== I   refs:      778,608,373
==1577401== Events    : Ir
==1577401== Collected : 772299537
==1577401== 
==1577401== I   refs:      772,299,537
==1577399== Events    : Ir
==1577399== Collected : 771598127
==1577399== 
==1577399== I   refs:      771,598,127
==1577469== Cachegrind, a cache and branch-prediction profiler
==1577469== Copyright (C) 2002-2017, and GNU GPL'd, by Nicholas Nethercote et al.
==1577469== Using Valgrind-3.17.0 and LibVEX; rerun with -h for copyright info
==1577469== Command: ./esPIC -nPEx 2 -nPEy 2 -nCellx 10 -nCelly 10 -flux 400. -vx_bdy 1. -npHat 80. -tEnd 0.1 -dt .01
==1577469== 
--1577469-- warning: L3 cache found, using its data for the LL simulation.
==1577470== Cachegrind, a cache and branch-prediction profiler
==1577470== Copyright (C) 2002-2017, and GNU GPL'd, by Nicholas Nethercote et al.
==1577470== Using Valgrind-3.17.0 and LibVEX; rerun with -h for copyright info
==1577470== Command: ./esPIC -nPEx 2 -nPEy 2 -nCellx 10 -nCelly 10 -flux 400. -vx_bdy 1. -npHat 80. -tEnd 0.1 -dt .01
==1577470== 
--1577470-- warning: L3 cache found, using its data for the LL simulation.
==1577471== Cachegrind, a cache and branch-prediction profiler
==1577471== Copyright (C) 2002-2017, and GNU GPL'd, by Nicholas Nethercote et al.
==1577471== Using Valgrind-3.17.0 and LibVEX; rerun with -h for copyright info
==1577471== Command: ./esPIC -nPEx 2 -nPEy 2 -nCellx 10 -nCelly 10 -flux 400. -vx_bdy 1. -npHat 80. -tEnd 0.1 -dt .01
==1577471== 
--1577471-- warning: L3 cache found, using its data for the LL simulation.
==1577472== Cachegrind, a cache and branch-prediction profiler
==1577472== Copyright (C) 2002-2017, and GNU GPL'd, by Nicholas Nethercote et al.
==1577472== Using Valgrind-3.17.0 and LibVEX; rerun with -h for copyright info
==1577472== Command: ./esPIC -nPEx 2 -nPEy 2 -nCellx 10 -nCelly 10 -flux 400. -vx_bdy 1. -npHat 80. -tEnd 0.1 -dt .01
==1577472== 
--1577472-- warning: L3 cache found, using its data for the LL simulation.
==1577469== Warning: noted but unhandled ioctl 0x7800 with no size/direction hints.
==1577469==    This could cause spurious value errors to appear.
==1577469==    See README_MISSING_SYSCALL_OR_IOCTL for guidance on writing a proper wrapper.
==1577470== Warning: noted but unhandled ioctl 0x7800 with no size/direction hints.
==1577470==    This could cause spurious value errors to appear.
==1577470==    See README_MISSING_SYSCALL_OR_IOCTL for guidance on writing a proper wrapper.
==1577471== Warning: noted but unhandled ioctl 0x7800 with no size/direction hints.
==1577471==    This could cause spurious value errors to appear.
==1577471==    See README_MISSING_SYSCALL_OR_IOCTL for guidance on writing a proper wrapper.
==1577472== Warning: noted but unhandled ioctl 0x7800 with no size/direction hints.
==1577472==    This could cause spurious value errors to appear.
==1577472==    See README_MISSING_SYSCALL_OR_IOCTL for guidance on writing a proper wrapper.
==1577469== brk segment overflow in thread #1: can't grow to 0x4a30000
==1577469== (see section Limitations in user manual)
==1577469== NOTE: further instances of this message will not be shown
==1577470== brk segment overflow in thread #1: can't grow to 0x4a30000
==1577470== (see section Limitations in user manual)
==1577470== NOTE: further instances of this message will not be shown
==1577471== brk segment overflow in thread #1: can't grow to 0x4a30000
==1577471== (see section Limitations in user manual)
==1577471== NOTE: further instances of this message will not be shown
==1577472== brk segment overflow in thread #1: can't grow to 0x4a30000
==1577472== (see section Limitations in user manual)
==1577472== NOTE: further instances of this message will not be shown
==1577469== WARNING: valgrind ignores shmget(shmflg) SHM_HUGETLB
==1577470== WARNING: valgrind ignores shmget(shmflg) SHM_HUGETLB
==1577471== WARNING: valgrind ignores shmget(shmflg) SHM_HUGETLB
==1577472== WARNING: valgrind ignores shmget(shmflg) SHM_HUGETLB
==1577470== 
==1577472== 
==1577469== 
==1577471== 
==1577470== I   refs:      808,792,914
==1577470== I1  misses:      2,037,005
==1577470== LLi misses:         21,811
==1577470== I1  miss rate:        0.25%
==1577470== LLi miss rate:        0.00%
==1577470== 
==1577470== D   refs:      426,877,328  (265,175,950 rd   + 161,701,378 wr)
==1577470== D1  misses:      3,317,364  (  2,003,916 rd   +   1,313,448 wr)
==1577470== LLd misses:        448,493  (     45,128 rd   +     403,365 wr)
==1577470== D1  miss rate:         0.8% (        0.8%     +         0.8%  )
==1577470== LLd miss rate:         0.1% (        0.0%     +         0.2%  )
==1577470== 
==1577470== LL refs:         5,354,369  (  4,040,921 rd   +   1,313,448 wr)
==1577470== LL misses:         470,304  (     66,939 rd   +     403,365 wr)
==1577470== LL miss rate:          0.0% (        0.0%     +         0.2%  )
==1577472== I   refs:      796,702,224
==1577472== I1  misses:      2,012,528
==1577472== LLi misses:         21,843
==1577472== I1  miss rate:        0.25%
==1577472== LLi miss rate:        0.00%
==1577472== 
==1577472== D   refs:      421,728,205  (260,994,360 rd   + 160,733,845 wr)
==1577472== D1  misses:      3,351,233  (  2,037,683 rd   +   1,313,550 wr)
==1577472== LLd misses:        449,844  (     45,255 rd   +     404,589 wr)
==1577472== D1  miss rate:         0.8% (        0.8%     +         0.8%  )
==1577472== LLd miss rate:         0.1% (        0.0%     +         0.3%  )
==1577472== 
==1577472== LL refs:         5,363,761  (  4,050,211 rd   +   1,313,550 wr)
==1577472== LL misses:         471,687  (     67,098 rd   +     404,589 wr)
==1577472== LL miss rate:          0.0% (        0.0%     +         0.3%  )
==1577469== I   refs:      787,920,354
==1577469== I1  misses:      2,749,414
==1577469== LLi misses:         22,330
==1577469== I1  miss rate:        0.35%
==1577469== LLi miss rate:        0.00%
==1577469== 
==1577469== D   refs:      416,893,504  (257,304,124 rd   + 159,589,380 wr)
==1577469== D1  misses:      3,598,354  (  2,198,863 rd   +   1,399,491 wr)
==1577469== LLd misses:        477,622  (     54,491 rd   +     423,131 wr)
==1577469== D1  miss rate:         0.9% (        0.9%     +         0.9%  )
==1577469== LLd miss rate:         0.1% (        0.0%     +         0.3%  )
==1577469== 
==1577469== LL refs:         6,347,768  (  4,948,277 rd   +   1,399,491 wr)
==1577469== LL misses:         499,952  (     76,821 rd   +     423,131 wr)
==1577469== LL miss rate:          0.0% (        0.0%     +         0.3%  )
==1577471== I   refs:      794,831,590
==1577471== I1  misses:      2,147,059
==1577471== LLi misses:         21,999
==1577471== I1  miss rate:        0.27%
==1577471== LLi miss rate:        0.00%
==1577471== 
==1577471== D   refs:      419,764,343  (260,163,188 rd   + 159,601,155 wr)
==1577471== D1  misses:      3,343,779  (  2,025,517 rd   +   1,318,262 wr)
==1577471== LLd misses:        450,060  (     45,067 rd   +     404,993 wr)
==1577471== D1  miss rate:         0.8% (        0.8%     +         0.8%  )
==1577471== LLd miss rate:         0.1% (        0.0%     +         0.3%  )
==1577471== 
==1577471== LL refs:         5,490,838  (  4,172,576 rd   +   1,318,262 wr)
==1577471== LL misses:         472,059  (     67,066 rd   +     404,993 wr)
==1577471== LL miss rate:          0.0% (        0.0%     +         0.3%  )
==
||
|| Execution of ert in slurm batch script complete.
||
==
