0.193021 0.031378   0.  
0.193021 0.043878   0.  
0.193021 0.056378   0.  
0.193628 0.0683322   0.  
0.205067 0.0741427   0.  
0.205067 0.0866427   0.  
0.205067 0.0991427   0.  
0.205067 0.111643   0.  
0.206265 0.123316   0.  
0.215264 0.132665   0.  
0.215264 0.145165   0.  
0.215264 0.157665   0.  
0.215308 0.170138   0.  
0.223888 0.179848   0.  
0.223888 0.192348   0.  
0.223888 0.204848   0.  
0.223888 0.217348   0.  
0.224649 0.229362   0.  
0.230583 0.240278   0.  
0.230583 0.252778   0.  
0.230583 0.265278   0.  
0.230583 0.277778   0.  
0.236123 0.288362   0.  
0.236123 0.300862   0.  
0.236123 0.313362   0.  
0.236123 0.325862   0.  
0.236594 0.337886   0.  
0.240436 0.349014   0.  
0.240436 0.361514   0.  
0.240436 0.374014   0.  
0.240436 0.386514   0.  
0.243521 0.397322   0.  
0.243521 0.409822   0.  
0.243521 0.422322   0.  
0.243521 0.434822   0.  
0.243881 0.446603   0.  
0.245416 0.458089   0.  
0.245416 0.470589   0.  
0.245416 0.483089   0.  
0.388636 0.135155   0.  
0.245416 0.495589   0.  
0.389994 0.146587   0.  
0.392829 0.156658   0.  
0.396688 0.164812   0.  
0.416612 0.159848   0.  
0.4176 0.171285   0.  
0.41906 0.182396   0.  
0.422127 0.192116   0.  
0.426545 0.200357   0.  
0.441966 0.205953   0.  
0.44283 0.217568   0.  
0.444462 0.228381   0.  
0.448368 0.237861   0.  
0.465923 0.242021   0.  
0.466588 0.253633   0.  
0.467355 0.265059   0.  
0.469507 0.275463   0.  
0.47406 0.283372   0.  
0.484909 0.291673   0.  
0.485346 0.303476   0.  
0.48605 0.314256   0.  
0.488693 0.323651   0.  
