0.743975 0.492276   0.  
0.5014 0.329228   0.  
0.520688 0.418332   0.  
0.520688 0.430832   0.  
0.520688 0.443332   0.  
0.637139 0.324043   0.  
0.730081 0.49078   0.  
0.719115 0.425604   0.  
0.728836 0.442857   0.  
0.730623 0.451005   0.  
0.730015 0.457967   0.  
0.732665 0.462915   0.  
0.735804 0.465156   0.  
0.738085 0.471423   0.  
0.739361 0.478733   0.  
0.740798 0.485213   0.  
0.744447 0.488792   0.  
0.720103 0.432429   0.  
0.722596 0.43883   0.  
0.726951 0.441756   0.  
0.709267 0.406457   0.  
0.710659 0.412895   0.  
0.713222 0.417152   0.  
0.714038 0.422576   0.  
0.719662 0.423679   0.  
0.704256 0.406311   0.  
0.705571 0.408015   0.  
0.706075 0.409471   0.  
0.707765 0.411905   0.  
0.702608 0.414252   0.  
0.702408 0.417087   0.  
0.701985 0.416031   0.  
0.703745 0.413701   0.  
0.703096 0.411938   0.  
0.702527 0.437137   0.  
0.703179 0.439133   0.  
0.702701 0.436359   0.  
0.700576 0.432068   0.  
0.520868 0.454575   0.  
0.617099 0.322942   0.  
0.713693 0.427711   0.  
0.714095 0.43751   0.  
0.714851 0.446163   0.  
0.714274 0.451674   0.  
0.721541 0.45401   0.  
0.721799 0.465175   0.  
0.722135 0.474482   0.  
0.723121 0.481265   0.  
0.727172 0.480811   0.  
0.701341 0.394215   0.  
0.701742 0.403716   0.  
0.702796 0.411362   0.  
0.702932 0.41778   0.  
0.708968 0.420873   0.  
0.678222 0.368246   0.  
0.684548 0.373107   0.  
0.686256 0.38098   0.  
0.687961 0.387897   0.  
0.691391 0.392698   0.  
0.664119 0.343927   0.  
0.666864 0.352704   0.  
0.670005 0.359408   0.  
0.673103 0.365749   0.  
0.646664 0.345102   0.  
0.63982 0.332767   0.  
0.644395 0.339264   0.  
0.623401 0.325332   0.  
0.607388 0.304042   0.  
0.610437 0.311167   0.  
0.612775 0.317657   0.  
0.582408 0.302101   0.  
0.586472 0.309693   0.  
0.589811 0.315111   0.  
0.594499 0.31815   0.  
0.523548 0.459003   0.  
0.526095 0.469212   0.  
0.526095 0.481712   0.  
0.526095 0.494212   0.  
0.501482 0.341574   0.  
0.501898 0.353268   0.  
0.502671 0.363698   0.  
0.505257 0.370638   0.  
0.511338 0.380031   0.  
0.511362 0.392482   0.  
0.511657 0.404071   0.  
0.512855 0.413141   0.  
