0.245339 0.506512   0.  
0.245339 0.519012   0.  
0.245339 0.531512   0.  
0.245339 0.544012   0.  
0.244984 0.555041   0.  
0.244952 0.567305   0.  
0.244952 0.579805   0.  
0.244952 0.592305   0.  
0.244952 0.604805   0.  
0.244288 0.615854   0.  
0.244288 0.628354   0.  
0.244288 0.640854   0.  
0.244288 0.653354   0.  
0.241911 0.664562   0.  
0.241749 0.676839   0.  
0.241749 0.689339   0.  
0.241749 0.701839   0.  
0.241749 0.714339   0.  
0.238204 0.725469   0.  
0.238204 0.737969   0.  
0.238204 0.750469   0.  
0.238204 0.762969   0.  
0.234015 0.774403   0.  
0.233831 0.786783   0.  
0.233831 0.799283   0.  
0.233831 0.811783   0.  
0.233831 0.824283   0.  
0.228676 0.835919   0.  
0.228676 0.848419   0.  
0.228676 0.860919   0.  
0.228676 0.873419   0.  
0.22371 0.886157   0.  
0.223578 0.898596   0.  
0.223578 0.911096   0.  
0.223578 0.923596   0.  
0.223578 0.936096   0.  
0.218837 0.950466   0.  
0.218837 0.962966   0.  
0.218837 0.975466   0.  
0.218837 0.987966   0.  
0.496979 0.74594   0.  
0.495973 0.756888   0.  
0.495526 0.768697   0.  
0.495452 0.781072   0.  
0.482995 0.789069   0.  
0.481173 0.799084   0.  
0.480297 0.810561   0.  
0.479919 0.822627   0.  
0.468944 0.834342   0.  
0.464836 0.843489   0.  
0.4636 0.854679   0.  
0.462969 0.866323   0.  
0.462782 0.878578   0.  
0.447927 0.890547   0.  
0.44656 0.901184   0.  
0.446118 0.912922   0.  
0.445681 0.924988   0.  
