0.786928 0.670605   0.  
0.789304 0.673588   0.  
0.792113 0.679499   0.  
0.794136 0.688567   0.  
0.795021 0.698264   0.  
0.794482 0.691943   0.  
0.796653 0.696395   0.  
0.798809 0.703983   0.  
0.801444 0.71199   0.  
0.802089 0.709432   0.  
0.805301 0.711153   0.  
0.808919 0.715467   0.  
0.810519 0.723363   0.  
0.807457 0.721121   0.  
0.815714 0.722793   0.  
0.820076 0.726251   0.  
0.823861 0.732423   0.  
0.827979 0.740779   0.  
0.762063 0.557883   0.  
0.762063 0.570383   0.  
0.762063 0.582883   0.  
0.762063 0.595383   0.  
0.76383 0.597628   0.  
0.76816 0.591565   0.  
0.770405 0.599932   0.  
0.771148 0.611559   0.  
0.771148 0.624059   0.  
0.770603 0.620782   0.  
0.772978 0.623224   0.  
0.775223 0.631256   0.  
0.777058 0.641373   0.  
0.777905 0.652824   0.  
0.783016 0.646471   0.  
0.785783 0.651713   0.  
0.786402 0.660301   0.  
0.787657 0.670603   0.  
0.755893 0.542236   0.  
0.755893 0.554736   0.  
0.756735 0.563673   0.  
0.760134 0.564532   0.  
0.75569 0.537946   0.  
0.756297 0.536557   0.  
0.754374 0.530815   0.  
0.731558 0.515893   0.  
0.733069 0.51592   0.  
0.733069 0.52842   0.  
0.733069 0.54092   0.  
0.733069 0.55342   0.  
0.731746 0.551906   0.  
0.732113 0.552448   0.  
0.732126 0.564801   0.  
0.732126 0.577301   0.  
0.732126 0.589801   0.  
0.731791 0.585392   0.  
0.731573 0.591727   0.  
0.731604 0.602148   0.  
0.731579 0.614369   0.  
0.731356 0.619854   0.  
0.729174 0.621174   0.  
0.728707 0.629525   0.  
0.72863 0.639793   0.  
0.728576 0.651116   0.  
0.724529 0.651099   0.  
0.723147 0.657583   0.  
0.722403 0.666757   0.  
0.722125 0.677116   0.  
0.715587 0.682091   0.  
0.712937 0.686241   0.  
0.711504 0.693662   0.  
0.710578 0.703123   0.  
0.709803 0.713107   0.  
0.701965 0.715563   0.  
0.698994 0.721486   0.  
0.697537 0.7303   0.  
0.697466 0.73965   0.  
0.688543 0.746515   0.  
0.683174 0.750874   0.  
0.682018 0.758274   0.  
0.680813 0.767002   0.  
0.680437 0.777794   0.  
0.667947 0.781027   0.  
0.666256 0.7875   0.  
0.665438 0.796595   0.  
0.664043 0.806381   0.  
0.753376 0.521966   0.  
0.730663 0.513058   0.  
0.752487 0.512928   0.  
0.748107 0.513039   0.  
0.746155 0.508325   0.  
0.730153 0.50314   0.  
0.526143 0.505178   0.  
0.527631 0.508197   0.  
0.527631 0.520697   0.  
0.527631 0.533197   0.  
0.527631 0.545697   0.  
0.527332 0.553338   0.  
0.527868 0.559477   0.  
0.527868 0.571977   0.  
0.527868 0.584477   0.  
0.527868 0.596977   0.  
0.523917 0.600611   0.  
0.523595 0.611272   0.  
0.523595 0.623772   0.  
0.523595 0.636272   0.  
0.519721 0.644973   0.  
0.517424 0.651745   0.  
0.517003 0.663148   0.  
0.517001 0.675601   0.  
0.517001 0.688101   0.  
0.744829 0.501107   0.  
0.507832 0.693797   0.  
0.506525 0.703798   0.  
0.50608 0.715296   0.  
0.506004 0.727668   0.  
0.500671 0.737408   0.  
