==
||
|| Begin Execution of ert in slurm batch script.
||
==
==2831104== Callgrind, a call-graph generating cache profiler
==2831104== Copyright (C) 2002-2017, and GNU GPL'd, by Josef Weidendorfer et al.
==2831104== Using Valgrind-3.17.0 and LibVEX; rerun with -h for copyright info
==2831104== Command: ./esPIC -nPEx 2 -nPEy 2 -nCellx 10 -nCelly 10 -flux 400. -vx_bdy 1. -npHat 80. -tEnd 0.1 -dt .01
==2831104== 
==2831105== Callgrind, a call-graph generating cache profiler
==2831105== Copyright (C) 2002-2017, and GNU GPL'd, by Josef Weidendorfer et al.
==2831105== Using Valgrind-3.17.0 and LibVEX; rerun with -h for copyright info
==2831105== Command: ./esPIC -nPEx 2 -nPEy 2 -nCellx 10 -nCelly 10 -flux 400. -vx_bdy 1. -npHat 80. -tEnd 0.1 -dt .01
==2831105== 
==2831106== Callgrind, a call-graph generating cache profiler
==2831106== Copyright (C) 2002-2017, and GNU GPL'd, by Josef Weidendorfer et al.
==2831106== Using Valgrind-3.17.0 and LibVEX; rerun with -h for copyright info
==2831106== Command: ./esPIC -nPEx 2 -nPEy 2 -nCellx 10 -nCelly 10 -flux 400. -vx_bdy 1. -npHat 80. -tEnd 0.1 -dt .01
==2831106== 
==2831107== Callgrind, a call-graph generating cache profiler
==2831107== Copyright (C) 2002-2017, and GNU GPL'd, by Josef Weidendorfer et al.
==2831107== Using Valgrind-3.17.0 and LibVEX; rerun with -h for copyright info
==2831107== Command: ./esPIC -nPEx 2 -nPEy 2 -nCellx 10 -nCelly 10 -flux 400. -vx_bdy 1. -npHat 80. -tEnd 0.1 -dt .01
==2831107== 
==2831104== For interactive control, run 'callgrind_control -h'.
==2831106== For interactive control, run 'callgrind_control -h'.
==2831105== For interactive control, run 'callgrind_control -h'.
==2831107== For interactive control, run 'callgrind_control -h'.
==2831104== Warning: noted but unhandled ioctl 0x7800 with no size/direction hints.
==2831104==    This could cause spurious value errors to appear.
==2831104==    See README_MISSING_SYSCALL_OR_IOCTL for guidance on writing a proper wrapper.
==2831105== Warning: noted but unhandled ioctl 0x7800 with no size/direction hints.
==2831105==    This could cause spurious value errors to appear.
==2831105==    See README_MISSING_SYSCALL_OR_IOCTL for guidance on writing a proper wrapper.
==2831106== Warning: noted but unhandled ioctl 0x7800 with no size/direction hints.
==2831106==    This could cause spurious value errors to appear.
==2831106==    See README_MISSING_SYSCALL_OR_IOCTL for guidance on writing a proper wrapper.
==2831107== Warning: noted but unhandled ioctl 0x7800 with no size/direction hints.
==2831107==    This could cause spurious value errors to appear.
==2831107==    See README_MISSING_SYSCALL_OR_IOCTL for guidance on writing a proper wrapper.
==2831104== brk segment overflow in thread #1: can't grow to 0x4a2f000
==2831104== (see section Limitations in user manual)
==2831104== NOTE: further instances of this message will not be shown
==2831105== brk segment overflow in thread #1: can't grow to 0x4a2f000
==2831105== (see section Limitations in user manual)
==2831105== NOTE: further instances of this message will not be shown
==2831106== brk segment overflow in thread #1: can't grow to 0x4a2f000
==2831106== (see section Limitations in user manual)
==2831106== NOTE: further instances of this message will not be shown
==2831107== brk segment overflow in thread #1: can't grow to 0x4a2f000
==2831107== (see section Limitations in user manual)
==2831107== NOTE: further instances of this message will not be shown
==2831104== WARNING: valgrind ignores shmget(shmflg) SHM_HUGETLB
==2831105== WARNING: valgrind ignores shmget(shmflg) SHM_HUGETLB
==2831106== WARNING: valgrind ignores shmget(shmflg) SHM_HUGETLB
==2831107== WARNING: valgrind ignores shmget(shmflg) SHM_HUGETLB
==2831104== 
==2831105== 
==2831106== 
==2831107== 
==2831106== Events    : Ir
==2831106== Collected : 460455030
==2831106== 
==2831106== I   refs:      460,455,030
==2831105== Events    : Ir
==2831105== Collected : 466065439
==2831105== 
==2831105== I   refs:      466,065,439
==2831107== Events    : Ir
==2831107== Collected : 461918548
==2831107== 
==2831107== I   refs:      461,918,548
==2831104== Events    : Ir
==2831104== Collected : 457599912
==2831104== 
==2831104== I   refs:      457,599,912
==2831175== Cachegrind, a cache and branch-prediction profiler
==2831175== Copyright (C) 2002-2017, and GNU GPL'd, by Nicholas Nethercote et al.
==2831175== Using Valgrind-3.17.0 and LibVEX; rerun with -h for copyright info
==2831175== Command: ./esPIC -nPEx 2 -nPEy 2 -nCellx 10 -nCelly 10 -flux 400. -vx_bdy 1. -npHat 80. -tEnd 0.1 -dt .01
==2831175== 
--2831175-- warning: L3 cache found, using its data for the LL simulation.
==2831176== Cachegrind, a cache and branch-prediction profiler
==2831176== Copyright (C) 2002-2017, and GNU GPL'd, by Nicholas Nethercote et al.
==2831176== Using Valgrind-3.17.0 and LibVEX; rerun with -h for copyright info
==2831176== Command: ./esPIC -nPEx 2 -nPEy 2 -nCellx 10 -nCelly 10 -flux 400. -vx_bdy 1. -npHat 80. -tEnd 0.1 -dt .01
==2831176== 
--2831176-- warning: L3 cache found, using its data for the LL simulation.
==2831177== Cachegrind, a cache and branch-prediction profiler
==2831177== Copyright (C) 2002-2017, and GNU GPL'd, by Nicholas Nethercote et al.
==2831177== Using Valgrind-3.17.0 and LibVEX; rerun with -h for copyright info
==2831177== Command: ./esPIC -nPEx 2 -nPEy 2 -nCellx 10 -nCelly 10 -flux 400. -vx_bdy 1. -npHat 80. -tEnd 0.1 -dt .01
==2831177== 
--2831177-- warning: L3 cache found, using its data for the LL simulation.
==2831178== Cachegrind, a cache and branch-prediction profiler
==2831178== Copyright (C) 2002-2017, and GNU GPL'd, by Nicholas Nethercote et al.
==2831178== Using Valgrind-3.17.0 and LibVEX; rerun with -h for copyright info
==2831178== Command: ./esPIC -nPEx 2 -nPEy 2 -nCellx 10 -nCelly 10 -flux 400. -vx_bdy 1. -npHat 80. -tEnd 0.1 -dt .01
==2831178== 
--2831178-- warning: L3 cache found, using its data for the LL simulation.
==2831175== Warning: noted but unhandled ioctl 0x7800 with no size/direction hints.
==2831175==    This could cause spurious value errors to appear.
==2831175==    See README_MISSING_SYSCALL_OR_IOCTL for guidance on writing a proper wrapper.
==2831176== Warning: noted but unhandled ioctl 0x7800 with no size/direction hints.
==2831176==    This could cause spurious value errors to appear.
==2831176==    See README_MISSING_SYSCALL_OR_IOCTL for guidance on writing a proper wrapper.
==2831177== Warning: noted but unhandled ioctl 0x7800 with no size/direction hints.
==2831177==    This could cause spurious value errors to appear.
==2831177==    See README_MISSING_SYSCALL_OR_IOCTL for guidance on writing a proper wrapper.
==2831178== Warning: noted but unhandled ioctl 0x7800 with no size/direction hints.
==2831178==    This could cause spurious value errors to appear.
==2831178==    See README_MISSING_SYSCALL_OR_IOCTL for guidance on writing a proper wrapper.
==2831175== brk segment overflow in thread #1: can't grow to 0x4a2f000
==2831175== (see section Limitations in user manual)
==2831175== NOTE: further instances of this message will not be shown
==2831176== brk segment overflow in thread #1: can't grow to 0x4a2f000
==2831176== (see section Limitations in user manual)
==2831176== NOTE: further instances of this message will not be shown
==2831177== brk segment overflow in thread #1: can't grow to 0x4a2f000
==2831177== (see section Limitations in user manual)
==2831177== NOTE: further instances of this message will not be shown
==2831178== brk segment overflow in thread #1: can't grow to 0x4a2f000
==2831178== (see section Limitations in user manual)
==2831178== NOTE: further instances of this message will not be shown
==2831175== WARNING: valgrind ignores shmget(shmflg) SHM_HUGETLB
==2831176== WARNING: valgrind ignores shmget(shmflg) SHM_HUGETLB
==2831177== WARNING: valgrind ignores shmget(shmflg) SHM_HUGETLB
==2831178== WARNING: valgrind ignores shmget(shmflg) SHM_HUGETLB
==2831176== 
==2831178== 
==2831175== 
==2831177== 
==2831176== I   refs:      485,311,339
==2831176== I1  misses:      1,692,329
==2831176== LLi misses:         21,725
==2831176== I1  miss rate:        0.35%
==2831176== LLi miss rate:        0.00%
==2831176== 
==2831176== D   refs:      197,745,217  (111,596,589 rd   + 86,148,628 wr)
==2831176== D1  misses:      2,436,844  (  1,260,871 rd   +  1,175,973 wr)
==2831176== LLd misses:        448,604  (     45,066 rd   +    403,538 wr)
==2831176== D1  miss rate:         1.2% (        1.1%     +        1.4%  )
==2831176== LLd miss rate:         0.2% (        0.0%     +        0.5%  )
==2831176== 
==2831176== LL refs:         4,129,173  (  2,953,200 rd   +  1,175,973 wr)
==2831176== LL misses:         470,329  (     66,791 rd   +    403,538 wr)
==2831176== LL miss rate:          0.1% (        0.0%     +        0.5%  )
==2831178== I   refs:      484,313,237
==2831178== I1  misses:      1,711,160
==2831178== LLi misses:         21,734
==2831178== I1  miss rate:        0.35%
==2831178== LLi miss rate:        0.00%
==2831178== 
==2831178== D   refs:      197,368,914  (111,424,509 rd   + 85,944,405 wr)
==2831178== D1  misses:      2,497,450  (  1,309,207 rd   +  1,188,243 wr)
==2831178== LLd misses:        448,190  (     45,178 rd   +    403,012 wr)
==2831178== D1  miss rate:         1.3% (        1.2%     +        1.4%  )
==2831178== LLd miss rate:         0.2% (        0.0%     +        0.5%  )
==2831178== 
==2831178== LL refs:         4,208,610  (  3,020,367 rd   +  1,188,243 wr)
==2831178== LL misses:         469,924  (     66,912 rd   +    403,012 wr)
==2831178== LL miss rate:          0.1% (        0.0%     +        0.5%  )
==2831175== I   refs:      479,785,088
==2831175== I1  misses:      2,520,046
==2831175== LLi misses:         22,219
==2831175== I1  miss rate:        0.53%
==2831175== LLi miss rate:        0.00%
==2831175== 
==2831175== D   refs:      194,574,788  (109,362,448 rd   + 85,212,340 wr)
==2831175== D1  misses:      2,893,558  (  1,586,329 rd   +  1,307,229 wr)
==2831175== LLd misses:        474,579  (     54,248 rd   +    420,331 wr)
==2831175== D1  miss rate:         1.5% (        1.5%     +        1.5%  )
==2831175== LLd miss rate:         0.2% (        0.0%     +        0.5%  )
==2831175== 
==2831175== LL refs:         5,413,604  (  4,106,375 rd   +  1,307,229 wr)
==2831175== LL misses:         496,798  (     76,467 rd   +    420,331 wr)
==2831175== LL miss rate:          0.1% (        0.0%     +        0.5%  )
==2831177== I   refs:      480,874,061
==2831177== I1  misses:      1,876,631
==2831177== LLi misses:         21,909
==2831177== I1  miss rate:        0.39%
==2831177== LLi miss rate:        0.00%
==2831177== 
==2831177== D   refs:      195,282,295  (110,217,347 rd   + 85,064,948 wr)
==2831177== D1  misses:      2,544,656  (  1,354,180 rd   +  1,190,476 wr)
==2831177== LLd misses:        448,930  (     45,037 rd   +    403,893 wr)
==2831177== D1  miss rate:         1.3% (        1.2%     +        1.4%  )
==2831177== LLd miss rate:         0.2% (        0.0%     +        0.5%  )
==2831177== 
==2831177== LL refs:         4,421,287  (  3,230,811 rd   +  1,190,476 wr)
==2831177== LL misses:         470,839  (     66,946 rd   +    403,893 wr)
==2831177== LL miss rate:          0.1% (        0.0%     +        0.5%  )
==2831248== Callgrind, a call-graph generating cache profiler
==2831248== Copyright (C) 2002-2017, and GNU GPL'd, by Josef Weidendorfer et al.
==2831248== Using Valgrind-3.17.0 and LibVEX; rerun with -h for copyright info
==2831248== Command: ./esPIC -nPEx 2 -nPEy 2 -nCellx 50 -nCelly 50 -flux 400. -vx_bdy 1. -npHat 80. -tEnd 0.1 -dt .01
==2831248== 
==2831248== For interactive control, run 'callgrind_control -h'.
==2831249== Callgrind, a call-graph generating cache profiler
==2831249== Copyright (C) 2002-2017, and GNU GPL'd, by Josef Weidendorfer et al.
==2831249== Using Valgrind-3.17.0 and LibVEX; rerun with -h for copyright info
==2831249== Command: ./esPIC -nPEx 2 -nPEy 2 -nCellx 50 -nCelly 50 -flux 400. -vx_bdy 1. -npHat 80. -tEnd 0.1 -dt .01
==2831249== 
==2831250== Callgrind, a call-graph generating cache profiler
==2831250== Copyright (C) 2002-2017, and GNU GPL'd, by Josef Weidendorfer et al.
==2831250== Using Valgrind-3.17.0 and LibVEX; rerun with -h for copyright info
==2831250== Command: ./esPIC -nPEx 2 -nPEy 2 -nCellx 50 -nCelly 50 -flux 400. -vx_bdy 1. -npHat 80. -tEnd 0.1 -dt .01
==2831250== 
==2831251== Callgrind, a call-graph generating cache profiler
==2831251== Copyright (C) 2002-2017, and GNU GPL'd, by Josef Weidendorfer et al.
==2831251== Using Valgrind-3.17.0 and LibVEX; rerun with -h for copyright info
==2831251== Command: ./esPIC -nPEx 2 -nPEy 2 -nCellx 50 -nCelly 50 -flux 400. -vx_bdy 1. -npHat 80. -tEnd 0.1 -dt .01
==2831251== 
==2831251== For interactive control, run 'callgrind_control -h'.
==2831249== For interactive control, run 'callgrind_control -h'.
==2831250== For interactive control, run 'callgrind_control -h'.
==2831248== Warning: noted but unhandled ioctl 0x7800 with no size/direction hints.
==2831248==    This could cause spurious value errors to appear.
==2831248==    See README_MISSING_SYSCALL_OR_IOCTL for guidance on writing a proper wrapper.
==2831249== Warning: noted but unhandled ioctl 0x7800 with no size/direction hints.
==2831249==    This could cause spurious value errors to appear.
==2831249==    See README_MISSING_SYSCALL_OR_IOCTL for guidance on writing a proper wrapper.
==2831250== Warning: noted but unhandled ioctl 0x7800 with no size/direction hints.
==2831250==    This could cause spurious value errors to appear.
==2831250==    See README_MISSING_SYSCALL_OR_IOCTL for guidance on writing a proper wrapper.
==2831251== Warning: noted but unhandled ioctl 0x7800 with no size/direction hints.
==2831251==    This could cause spurious value errors to appear.
==2831251==    See README_MISSING_SYSCALL_OR_IOCTL for guidance on writing a proper wrapper.
==2831248== brk segment overflow in thread #1: can't grow to 0x4a2f000
==2831248== (see section Limitations in user manual)
==2831248== NOTE: further instances of this message will not be shown
==2831249== brk segment overflow in thread #1: can't grow to 0x4a2f000
==2831249== (see section Limitations in user manual)
==2831249== NOTE: further instances of this message will not be shown
==2831250== brk segment overflow in thread #1: can't grow to 0x4a2f000
==2831250== (see section Limitations in user manual)
==2831250== NOTE: further instances of this message will not be shown
==2831251== brk segment overflow in thread #1: can't grow to 0x4a2f000
==2831251== (see section Limitations in user manual)
==2831251== NOTE: further instances of this message will not be shown
==2831248== WARNING: valgrind ignores shmget(shmflg) SHM_HUGETLB
==2831249== WARNING: valgrind ignores shmget(shmflg) SHM_HUGETLB
==2831250== WARNING: valgrind ignores shmget(shmflg) SHM_HUGETLB
==2831251== WARNING: valgrind ignores shmget(shmflg) SHM_HUGETLB
==2831251== 
==2831248== 
==2831249== 
==2831250== 
==2831250== Events    : Ir
==2831250== Collected : 8643084648
==2831250== 
==2831250== I   refs:      8,643,084,648
==2831251== Events    : Ir
==2831251== Collected : 8651902136
==2831251== 
==2831251== I   refs:      8,651,902,136
==2831249== Events    : Ir
==2831249== Collected : 8656882812
==2831249== 
==2831249== I   refs:      8,656,882,812
==2831248== Events    : Ir
==2831248== Collected : 8613947601
==2831248== 
==2831248== I   refs:      8,613,947,601
==2831378== Cachegrind, a cache and branch-prediction profiler
==2831378== Copyright (C) 2002-2017, and GNU GPL'd, by Nicholas Nethercote et al.
==2831378== Using Valgrind-3.17.0 and LibVEX; rerun with -h for copyright info
==2831378== Command: ./esPIC -nPEx 2 -nPEy 2 -nCellx 50 -nCelly 50 -flux 400. -vx_bdy 1. -npHat 80. -tEnd 0.1 -dt .01
==2831378== 
--2831378-- warning: L3 cache found, using its data for the LL simulation.
==2831376== Cachegrind, a cache and branch-prediction profiler
==2831376== Copyright (C) 2002-2017, and GNU GPL'd, by Nicholas Nethercote et al.
==2831376== Using Valgrind-3.17.0 and LibVEX; rerun with -h for copyright info
==2831376== Command: ./esPIC -nPEx 2 -nPEy 2 -nCellx 50 -nCelly 50 -flux 400. -vx_bdy 1. -npHat 80. -tEnd 0.1 -dt .01
==2831376== 
--2831376-- warning: L3 cache found, using its data for the LL simulation.
==2831377== Cachegrind, a cache and branch-prediction profiler
==2831377== Copyright (C) 2002-2017, and GNU GPL'd, by Nicholas Nethercote et al.
==2831377== Using Valgrind-3.17.0 and LibVEX; rerun with -h for copyright info
==2831377== Command: ./esPIC -nPEx 2 -nPEy 2 -nCellx 50 -nCelly 50 -flux 400. -vx_bdy 1. -npHat 80. -tEnd 0.1 -dt .01
==2831377== 
--2831377-- warning: L3 cache found, using its data for the LL simulation.
==2831379== Cachegrind, a cache and branch-prediction profiler
==2831379== Copyright (C) 2002-2017, and GNU GPL'd, by Nicholas Nethercote et al.
==2831379== Using Valgrind-3.17.0 and LibVEX; rerun with -h for copyright info
==2831379== Command: ./esPIC -nPEx 2 -nPEy 2 -nCellx 50 -nCelly 50 -flux 400. -vx_bdy 1. -npHat 80. -tEnd 0.1 -dt .01
==2831379== 
--2831379-- warning: L3 cache found, using its data for the LL simulation.
==2831376== Warning: noted but unhandled ioctl 0x7800 with no size/direction hints.
==2831376==    This could cause spurious value errors to appear.
==2831376==    See README_MISSING_SYSCALL_OR_IOCTL for guidance on writing a proper wrapper.
==2831377== Warning: noted but unhandled ioctl 0x7800 with no size/direction hints.
==2831377==    This could cause spurious value errors to appear.
==2831377==    See README_MISSING_SYSCALL_OR_IOCTL for guidance on writing a proper wrapper.
==2831378== Warning: noted but unhandled ioctl 0x7800 with no size/direction hints.
==2831378==    This could cause spurious value errors to appear.
==2831378==    See README_MISSING_SYSCALL_OR_IOCTL for guidance on writing a proper wrapper.
==2831379== Warning: noted but unhandled ioctl 0x7800 with no size/direction hints.
==2831379==    This could cause spurious value errors to appear.
==2831379==    See README_MISSING_SYSCALL_OR_IOCTL for guidance on writing a proper wrapper.
==2831376== brk segment overflow in thread #1: can't grow to 0x4a2f000
==2831376== (see section Limitations in user manual)
==2831376== NOTE: further instances of this message will not be shown
==2831377== brk segment overflow in thread #1: can't grow to 0x4a2f000
==2831377== (see section Limitations in user manual)
==2831377== NOTE: further instances of this message will not be shown
==2831378== brk segment overflow in thread #1: can't grow to 0x4a2f000
==2831378== (see section Limitations in user manual)
==2831378== NOTE: further instances of this message will not be shown
==2831379== brk segment overflow in thread #1: can't grow to 0x4a2f000
==2831379== (see section Limitations in user manual)
==2831379== NOTE: further instances of this message will not be shown
==2831376== WARNING: valgrind ignores shmget(shmflg) SHM_HUGETLB
==2831377== WARNING: valgrind ignores shmget(shmflg) SHM_HUGETLB
==2831378== WARNING: valgrind ignores shmget(shmflg) SHM_HUGETLB
==2831379== WARNING: valgrind ignores shmget(shmflg) SHM_HUGETLB
==2831376== 
==2831377== 
==2831379== 
==2831378== 
==2831377== I   refs:      8,646,786,106
==2831377== I1  misses:       15,740,044
==2831377== LLi misses:           21,724
==2831377== I1  miss rate:          0.18%
==2831377== LLi miss rate:          0.00%
==2831377== 
==2831377== D   refs:      3,121,307,959  (2,092,432,041 rd   + 1,028,875,918 wr)
==2831377== D1  misses:       61,690,838  (   50,955,441 rd   +    10,735,397 wr)
==2831377== LLd misses:          578,062  (       44,201 rd   +       533,861 wr)
==2831377== D1  miss rate:           2.0% (          2.4%     +           1.0%  )
==2831377== LLd miss rate:           0.0% (          0.0%     +           0.1%  )
==2831377== 
==2831377== LL refs:          77,430,882  (   66,695,485 rd   +    10,735,397 wr)
==2831377== LL misses:           599,786  (       65,925 rd   +       533,861 wr)
==2831377== LL miss rate:            0.0% (          0.0%     +           0.1%  )
==2831376== I   refs:      8,643,057,541
==2831376== I1  misses:       17,917,275
==2831376== LLi misses:           22,299
==2831376== I1  miss rate:          0.21%
==2831376== LLi miss rate:          0.00%
==2831376== 
==2831376== D   refs:      3,119,183,231  (2,089,924,311 rd   + 1,029,258,920 wr)
==2831376== D1  misses:       62,545,579  (   51,518,753 rd   +    11,026,826 wr)
==2831376== LLd misses:          667,758  (       77,174 rd   +       590,584 wr)
==2831376== D1  miss rate:           2.0% (          2.5%     +           1.1%  )
==2831376== LLd miss rate:           0.0% (          0.0%     +           0.1%  )
==2831376== 
==2831376== LL refs:          80,462,854  (   69,436,028 rd   +    11,026,826 wr)
==2831376== LL misses:           690,057  (       99,473 rd   +       590,584 wr)
==2831376== LL miss rate:            0.0% (          0.0%     +           0.1%  )
==2831379== I   refs:      8,651,934,965
==2831379== I1  misses:       14,938,551
==2831379== LLi misses:           21,757
==2831379== I1  miss rate:          0.17%
==2831379== LLi miss rate:          0.00%
==2831379== 
==2831379== D   refs:      3,126,213,656  (2,097,023,140 rd   + 1,029,190,516 wr)
==2831379== D1  misses:       61,662,224  (   50,921,956 rd   +    10,740,268 wr)
==2831379== LLd misses:          577,043  (       44,203 rd   +       532,840 wr)
==2831379== D1  miss rate:           2.0% (          2.4%     +           1.0%  )
==2831379== LLd miss rate:           0.0% (          0.0%     +           0.1%  )
==2831379== 
==2831379== LL refs:          76,600,775  (   65,860,507 rd   +    10,740,268 wr)
==2831379== LL misses:           598,800  (       65,960 rd   +       532,840 wr)
==2831379== LL miss rate:            0.0% (          0.0%     +           0.1%  )
==2831378== I   refs:      8,681,916,495
==2831378== I1  misses:       15,785,707
==2831378== LLi misses:           21,920
==2831378== I1  miss rate:          0.18%
==2831378== LLi miss rate:          0.00%
==2831378== 
==2831378== D   refs:      3,137,994,133  (2,106,330,132 rd   + 1,031,664,001 wr)
==2831378== D1  misses:       61,970,994  (   51,108,389 rd   +    10,862,605 wr)
==2831378== LLd misses:          578,325  (       44,121 rd   +       534,204 wr)
==2831378== D1  miss rate:           2.0% (          2.4%     +           1.1%  )
==2831378== LLd miss rate:           0.0% (          0.0%     +           0.1%  )
==2831378== 
==2831378== LL refs:          77,756,701  (   66,894,096 rd   +    10,862,605 wr)
==2831378== LL misses:           600,245  (       66,041 rd   +       534,204 wr)
==2831378== LL miss rate:            0.0% (          0.0%     +           0.1%  )
==2831628== Callgrind, a call-graph generating cache profiler
==2831628== Copyright (C) 2002-2017, and GNU GPL'd, by Josef Weidendorfer et al.
==2831628== Using Valgrind-3.17.0 and LibVEX; rerun with -h for copyright info
==2831628== Command: ./esPIC -nPEx 2 -nPEy 2 -nCellx 100 -nCelly 100 -flux 400. -vx_bdy 1. -npHat 80. -tEnd 0.1 -dt .01
==2831628== 
==2831627== Callgrind, a call-graph generating cache profiler
==2831627== Copyright (C) 2002-2017, and GNU GPL'd, by Josef Weidendorfer et al.
==2831627== Using Valgrind-3.17.0 and LibVEX; rerun with -h for copyright info
==2831627== Command: ./esPIC -nPEx 2 -nPEy 2 -nCellx 100 -nCelly 100 -flux 400. -vx_bdy 1. -npHat 80. -tEnd 0.1 -dt .01
==2831627== 
==2831626== Callgrind, a call-graph generating cache profiler
==2831626== Copyright (C) 2002-2017, and GNU GPL'd, by Josef Weidendorfer et al.
==2831626== Using Valgrind-3.17.0 and LibVEX; rerun with -h for copyright info
==2831626== Command: ./esPIC -nPEx 2 -nPEy 2 -nCellx 100 -nCelly 100 -flux 400. -vx_bdy 1. -npHat 80. -tEnd 0.1 -dt .01
==2831626== 
==2831625== Callgrind, a call-graph generating cache profiler
==2831625== Copyright (C) 2002-2017, and GNU GPL'd, by Josef Weidendorfer et al.
==2831625== Using Valgrind-3.17.0 and LibVEX; rerun with -h for copyright info
==2831625== Command: ./esPIC -nPEx 2 -nPEy 2 -nCellx 100 -nCelly 100 -flux 400. -vx_bdy 1. -npHat 80. -tEnd 0.1 -dt .01
==2831625== 
==2831628== For interactive control, run 'callgrind_control -h'.
==2831625== For interactive control, run 'callgrind_control -h'.
==2831627== For interactive control, run 'callgrind_control -h'.
==2831626== For interactive control, run 'callgrind_control -h'.
==2831625== Warning: noted but unhandled ioctl 0x7800 with no size/direction hints.
==2831625==    This could cause spurious value errors to appear.
==2831625==    See README_MISSING_SYSCALL_OR_IOCTL for guidance on writing a proper wrapper.
==2831626== Warning: noted but unhandled ioctl 0x7800 with no size/direction hints.
==2831626==    This could cause spurious value errors to appear.
==2831626==    See README_MISSING_SYSCALL_OR_IOCTL for guidance on writing a proper wrapper.
==2831627== Warning: noted but unhandled ioctl 0x7800 with no size/direction hints.
==2831627==    This could cause spurious value errors to appear.
==2831627==    See README_MISSING_SYSCALL_OR_IOCTL for guidance on writing a proper wrapper.
==2831628== Warning: noted but unhandled ioctl 0x7800 with no size/direction hints.
==2831628==    This could cause spurious value errors to appear.
==2831628==    See README_MISSING_SYSCALL_OR_IOCTL for guidance on writing a proper wrapper.
==2831625== brk segment overflow in thread #1: can't grow to 0x4a2f000
==2831625== (see section Limitations in user manual)
==2831625== NOTE: further instances of this message will not be shown
==2831626== brk segment overflow in thread #1: can't grow to 0x4a2f000
==2831626== (see section Limitations in user manual)
==2831626== NOTE: further instances of this message will not be shown
==2831627== brk segment overflow in thread #1: can't grow to 0x4a2f000
==2831627== (see section Limitations in user manual)
==2831627== NOTE: further instances of this message will not be shown
==2831628== brk segment overflow in thread #1: can't grow to 0x4a2f000
==2831628== (see section Limitations in user manual)
==2831628== NOTE: further instances of this message will not be shown
==2831625== WARNING: valgrind ignores shmget(shmflg) SHM_HUGETLB
==2831626== WARNING: valgrind ignores shmget(shmflg) SHM_HUGETLB
==2831627== WARNING: valgrind ignores shmget(shmflg) SHM_HUGETLB
==2831628== WARNING: valgrind ignores shmget(shmflg) SHM_HUGETLB
==2831625== 
==2831628== 
==2831627== 
==2831626== 
==2831628== Events    : Ir
==2831628== Collected : 48595971445
==2831628== 
==2831628== I   refs:      48,595,971,445
==2831626== Events    : Ir
==2831626== Collected : 48600533076
==2831626== 
==2831626== I   refs:      48,600,533,076
==2831627== Events    : Ir
==2831627== Collected : 48582145706
==2831627== 
==2831627== I   refs:      48,582,145,706
==2831625== Events    : Ir
==2831625== Collected : 48546951247
==2831625== 
==2831625== I   refs:      48,546,951,247
==2832003== Cachegrind, a cache and branch-prediction profiler
==2832003== Copyright (C) 2002-2017, and GNU GPL'd, by Nicholas Nethercote et al.
==2832003== Using Valgrind-3.17.0 and LibVEX; rerun with -h for copyright info
==2832003== Command: ./esPIC -nPEx 2 -nPEy 2 -nCellx 100 -nCelly 100 -flux 400. -vx_bdy 1. -npHat 80. -tEnd 0.1 -dt .01
==2832003== 
--2832003-- warning: L3 cache found, using its data for the LL simulation.
==2832004== Cachegrind, a cache and branch-prediction profiler
==2832004== Copyright (C) 2002-2017, and GNU GPL'd, by Nicholas Nethercote et al.
==2832004== Using Valgrind-3.17.0 and LibVEX; rerun with -h for copyright info
==2832004== Command: ./esPIC -nPEx 2 -nPEy 2 -nCellx 100 -nCelly 100 -flux 400. -vx_bdy 1. -npHat 80. -tEnd 0.1 -dt .01
==2832004== 
--2832004-- warning: L3 cache found, using its data for the LL simulation.
==2832005== Cachegrind, a cache and branch-prediction profiler
==2832005== Copyright (C) 2002-2017, and GNU GPL'd, by Nicholas Nethercote et al.
==2832005== Using Valgrind-3.17.0 and LibVEX; rerun with -h for copyright info
==2832005== Command: ./esPIC -nPEx 2 -nPEy 2 -nCellx 100 -nCelly 100 -flux 400. -vx_bdy 1. -npHat 80. -tEnd 0.1 -dt .01
==2832005== 
--2832005-- warning: L3 cache found, using its data for the LL simulation.
==2832006== Cachegrind, a cache and branch-prediction profiler
==2832006== Copyright (C) 2002-2017, and GNU GPL'd, by Nicholas Nethercote et al.
==2832006== Using Valgrind-3.17.0 and LibVEX; rerun with -h for copyright info
==2832006== Command: ./esPIC -nPEx 2 -nPEy 2 -nCellx 100 -nCelly 100 -flux 400. -vx_bdy 1. -npHat 80. -tEnd 0.1 -dt .01
==2832006== 
--2832006-- warning: L3 cache found, using its data for the LL simulation.
==2832003== Warning: noted but unhandled ioctl 0x7800 with no size/direction hints.
==2832003==    This could cause spurious value errors to appear.
==2832003==    See README_MISSING_SYSCALL_OR_IOCTL for guidance on writing a proper wrapper.
==2832004== Warning: noted but unhandled ioctl 0x7800 with no size/direction hints.
==2832004==    This could cause spurious value errors to appear.
==2832004==    See README_MISSING_SYSCALL_OR_IOCTL for guidance on writing a proper wrapper.
==2832005== Warning: noted but unhandled ioctl 0x7800 with no size/direction hints.
==2832005==    This could cause spurious value errors to appear.
==2832005==    See README_MISSING_SYSCALL_OR_IOCTL for guidance on writing a proper wrapper.
==2832006== Warning: noted but unhandled ioctl 0x7800 with no size/direction hints.
==2832006==    This could cause spurious value errors to appear.
==2832006==    See README_MISSING_SYSCALL_OR_IOCTL for guidance on writing a proper wrapper.
==2832003== brk segment overflow in thread #1: can't grow to 0x4a32000
==2832003== (see section Limitations in user manual)
==2832003== NOTE: further instances of this message will not be shown
==2832004== brk segment overflow in thread #1: can't grow to 0x4a32000
==2832004== (see section Limitations in user manual)
==2832004== NOTE: further instances of this message will not be shown
==2832005== brk segment overflow in thread #1: can't grow to 0x4a32000
==2832005== (see section Limitations in user manual)
==2832005== NOTE: further instances of this message will not be shown
==2832006== brk segment overflow in thread #1: can't grow to 0x4a32000
==2832006== (see section Limitations in user manual)
==2832006== NOTE: further instances of this message will not be shown
==2832003== WARNING: valgrind ignores shmget(shmflg) SHM_HUGETLB
==2832004== WARNING: valgrind ignores shmget(shmflg) SHM_HUGETLB
==2832005== WARNING: valgrind ignores shmget(shmflg) SHM_HUGETLB
==2832006== WARNING: valgrind ignores shmget(shmflg) SHM_HUGETLB
==2832003== 
==2832004== 
==2832006== 
==2832005== 
==2832003== I   refs:      48,658,681,020
==2832003== I1  misses:        54,452,907
==2832003== LLi misses:            22,422
==2832003== I1  miss rate:           0.11%
==2832003== LLi miss rate:           0.00%
==2832003== 
==2832003== D   refs:      17,175,479,584  (11,798,549,150 rd   + 5,376,930,434 wr)
==2832003== D1  misses:       370,814,206  (   315,707,325 rd   +    55,106,881 wr)
==2832003== LLd misses:           880,185  (        99,033 rd   +       781,152 wr)
==2832003== D1  miss rate:            2.2% (           2.7%     +           1.0%  )
==2832003== LLd miss rate:            0.0% (           0.0%     +           0.0%  )
==2832003== 
==2832003== LL refs:          425,267,113  (   370,160,232 rd   +    55,106,881 wr)
==2832003== LL misses:            902,607  (       121,455 rd   +       781,152 wr)
==2832003== LL miss rate:             0.0% (           0.0%     +           0.0%  )
==2832005== I   refs:      48,682,479,309
==2832005== I1  misses:        49,361,147
==2832005== LLi misses:            22,047
==2832005== I1  miss rate:           0.10%
==2832005== LLi miss rate:           0.00%
==2832005== 
==2832005== D   refs:      17,187,563,835  (11,810,405,836 rd   + 5,377,157,999 wr)
==2832005== D1  misses:       369,330,698  (   314,564,968 rd   +    54,765,730 wr)
==2832005== LLd misses:           733,300  (        44,288 rd   +       689,012 wr)
==2832005== D1  miss rate:            2.1% (           2.7%     +           1.0%  )
==2832005== LLd miss rate:            0.0% (           0.0%     +           0.0%  )
==2832005== 
==2832005== LL refs:          418,691,845  (   363,926,115 rd   +    54,765,730 wr)
==2832005== LL misses:            755,347  (        66,335 rd   +       689,012 wr)
==2832005== LL miss rate:             0.0% (           0.0%     +           0.0%  )
==2832006== I   refs:      48,676,598,704
==2832006== I1  misses:        47,186,617
==2832006== LLi misses:            21,884
==2832006== I1  miss rate:           0.10%
==2832006== LLi miss rate:           0.00%
==2832006== 
==2832006== D   refs:      17,194,109,318  (11,818,827,476 rd   + 5,375,281,842 wr)
==2832006== D1  misses:       368,945,456  (   314,347,691 rd   +    54,597,765 wr)
==2832006== LLd misses:           733,254  (        44,443 rd   +       688,811 wr)
==2832006== D1  miss rate:            2.1% (           2.7%     +           1.0%  )
==2832006== LLd miss rate:            0.0% (           0.0%     +           0.0%  )
==2832006== 
==2832006== LL refs:          416,132,073  (   361,534,308 rd   +    54,597,765 wr)
==2832006== LL misses:            755,138  (        66,327 rd   +       688,811 wr)
==2832006== LL miss rate:             0.0% (           0.0%     +           0.0%  )
==2832004== I   refs:      48,807,304,007
==2832004== I1  misses:        50,312,901
==2832004== LLi misses:            21,922
==2832004== I1  miss rate:           0.10%
==2832004== LLi miss rate:           0.00%
==2832004== 
==2832004== D   refs:      17,245,736,012  (11,861,891,665 rd   + 5,383,844,347 wr)
==2832004== D1  misses:       369,643,787  (   314,871,011 rd   +    54,772,776 wr)
==2832004== LLd misses:           733,767  (        44,819 rd   +       688,948 wr)
==2832004== D1  miss rate:            2.1% (           2.7%     +           1.0%  )
==2832004== LLd miss rate:            0.0% (           0.0%     +           0.0%  )
==2832004== 
==2832004== LL refs:          419,956,688  (   365,183,912 rd   +    54,772,776 wr)
==2832004== LL misses:            755,689  (        66,741 rd   +       688,948 wr)
==2832004== LL miss rate:             0.0% (           0.0%     +           0.0%  )
==2832387== Callgrind, a call-graph generating cache profiler
==2832387== Copyright (C) 2002-2017, and GNU GPL'd, by Josef Weidendorfer et al.
==2832387== Using Valgrind-3.17.0 and LibVEX; rerun with -h for copyright info
==2832387== Command: ./esPIC -nPEx 2 -nPEy 2 -nCellx 50 -nCelly 50 -flux 600. -vx_bdy 1. -npHat 80. -tEnd 0.1 -dt .01
==2832387== 
==2832386== Callgrind, a call-graph generating cache profiler
==2832386== Copyright (C) 2002-2017, and GNU GPL'd, by Josef Weidendorfer et al.
==2832386== Using Valgrind-3.17.0 and LibVEX; rerun with -h for copyright info
==2832386== Command: ./esPIC -nPEx 2 -nPEy 2 -nCellx 50 -nCelly 50 -flux 600. -vx_bdy 1. -npHat 80. -tEnd 0.1 -dt .01
==2832386== 
==2832384== Callgrind, a call-graph generating cache profiler
==2832384== Copyright (C) 2002-2017, and GNU GPL'd, by Josef Weidendorfer et al.
==2832384== Using Valgrind-3.17.0 and LibVEX; rerun with -h for copyright info
==2832384== Command: ./esPIC -nPEx 2 -nPEy 2 -nCellx 50 -nCelly 50 -flux 600. -vx_bdy 1. -npHat 80. -tEnd 0.1 -dt .01
==2832384== 
==2832385== Callgrind, a call-graph generating cache profiler
==2832385== Copyright (C) 2002-2017, and GNU GPL'd, by Josef Weidendorfer et al.
==2832385== Using Valgrind-3.17.0 and LibVEX; rerun with -h for copyright info
==2832385== Command: ./esPIC -nPEx 2 -nPEy 2 -nCellx 50 -nCelly 50 -flux 600. -vx_bdy 1. -npHat 80. -tEnd 0.1 -dt .01
==2832385== 
==2832385== For interactive control, run 'callgrind_control -h'.
==2832387== For interactive control, run 'callgrind_control -h'.
==2832386== For interactive control, run 'callgrind_control -h'.
==2832384== For interactive control, run 'callgrind_control -h'.
==2832384== Warning: noted but unhandled ioctl 0x7800 with no size/direction hints.
==2832384==    This could cause spurious value errors to appear.
==2832384==    See README_MISSING_SYSCALL_OR_IOCTL for guidance on writing a proper wrapper.
==2832385== Warning: noted but unhandled ioctl 0x7800 with no size/direction hints.
==2832385==    This could cause spurious value errors to appear.
==2832385==    See README_MISSING_SYSCALL_OR_IOCTL for guidance on writing a proper wrapper.
==2832386== Warning: noted but unhandled ioctl 0x7800 with no size/direction hints.
==2832386==    This could cause spurious value errors to appear.
==2832386==    See README_MISSING_SYSCALL_OR_IOCTL for guidance on writing a proper wrapper.
==2832387== Warning: noted but unhandled ioctl 0x7800 with no size/direction hints.
==2832387==    This could cause spurious value errors to appear.
==2832387==    See README_MISSING_SYSCALL_OR_IOCTL for guidance on writing a proper wrapper.
==2832384== brk segment overflow in thread #1: can't grow to 0x4a32000
==2832384== (see section Limitations in user manual)
==2832384== NOTE: further instances of this message will not be shown
==2832385== brk segment overflow in thread #1: can't grow to 0x4a32000
==2832385== (see section Limitations in user manual)
==2832385== NOTE: further instances of this message will not be shown
==2832386== brk segment overflow in thread #1: can't grow to 0x4a32000
==2832386== (see section Limitations in user manual)
==2832386== NOTE: further instances of this message will not be shown
==2832387== brk segment overflow in thread #1: can't grow to 0x4a32000
==2832387== (see section Limitations in user manual)
==2832387== NOTE: further instances of this message will not be shown
==2832384== WARNING: valgrind ignores shmget(shmflg) SHM_HUGETLB
==2832385== WARNING: valgrind ignores shmget(shmflg) SHM_HUGETLB
==2832386== WARNING: valgrind ignores shmget(shmflg) SHM_HUGETLB
==2832387== WARNING: valgrind ignores shmget(shmflg) SHM_HUGETLB
==2832387== 
==2832385== 
==2832386== 
==2832384== 
==2832387== Events    : Ir
==2832387== Collected : 8586259553
==2832387== 
==2832387== I   refs:      8,586,259,553
==2832386== Events    : Ir
==2832386== Collected : 8612020819
==2832386== 
==2832386== I   refs:      8,612,020,819
==2832385== Events    : Ir
==2832385== Collected : 8632923515
==2832385== 
==2832385== I   refs:      8,632,923,515
==2832384== Events    : Ir
==2832384== Collected : 8650015818
==2832384== 
==2832384== I   refs:      8,650,015,818
==2832475== Cachegrind, a cache and branch-prediction profiler
==2832475== Copyright (C) 2002-2017, and GNU GPL'd, by Nicholas Nethercote et al.
==2832475== Using Valgrind-3.17.0 and LibVEX; rerun with -h for copyright info
==2832475== Command: ./esPIC -nPEx 2 -nPEy 2 -nCellx 50 -nCelly 50 -flux 600. -vx_bdy 1. -npHat 80. -tEnd 0.1 -dt .01
==2832475== 
--2832475-- warning: L3 cache found, using its data for the LL simulation.
==2832476== Cachegrind, a cache and branch-prediction profiler
==2832476== Copyright (C) 2002-2017, and GNU GPL'd, by Nicholas Nethercote et al.
==2832476== Using Valgrind-3.17.0 and LibVEX; rerun with -h for copyright info
==2832476== Command: ./esPIC -nPEx 2 -nPEy 2 -nCellx 50 -nCelly 50 -flux 600. -vx_bdy 1. -npHat 80. -tEnd 0.1 -dt .01
==2832476== 
--2832476-- warning: L3 cache found, using its data for the LL simulation.
==2832477== Cachegrind, a cache and branch-prediction profiler
==2832477== Copyright (C) 2002-2017, and GNU GPL'd, by Nicholas Nethercote et al.
==2832477== Using Valgrind-3.17.0 and LibVEX; rerun with -h for copyright info
==2832477== Command: ./esPIC -nPEx 2 -nPEy 2 -nCellx 50 -nCelly 50 -flux 600. -vx_bdy 1. -npHat 80. -tEnd 0.1 -dt .01
==2832477== 
--2832477-- warning: L3 cache found, using its data for the LL simulation.
==2832478== Cachegrind, a cache and branch-prediction profiler
==2832478== Copyright (C) 2002-2017, and GNU GPL'd, by Nicholas Nethercote et al.
==2832478== Using Valgrind-3.17.0 and LibVEX; rerun with -h for copyright info
==2832478== Command: ./esPIC -nPEx 2 -nPEy 2 -nCellx 50 -nCelly 50 -flux 600. -vx_bdy 1. -npHat 80. -tEnd 0.1 -dt .01
==2832478== 
--2832478-- warning: L3 cache found, using its data for the LL simulation.
==2832476== Warning: noted but unhandled ioctl 0x7800 with no size/direction hints.
==2832476==    This could cause spurious value errors to appear.
==2832476==    See README_MISSING_SYSCALL_OR_IOCTL for guidance on writing a proper wrapper.
==2832475== Warning: noted but unhandled ioctl 0x7800 with no size/direction hints.
==2832475==    This could cause spurious value errors to appear.
==2832475==    See README_MISSING_SYSCALL_OR_IOCTL for guidance on writing a proper wrapper.
==2832478== Warning: noted but unhandled ioctl 0x7800 with no size/direction hints.
==2832478==    This could cause spurious value errors to appear.
==2832478==    See README_MISSING_SYSCALL_OR_IOCTL for guidance on writing a proper wrapper.
==2832477== Warning: noted but unhandled ioctl 0x7800 with no size/direction hints.
==2832477==    This could cause spurious value errors to appear.
==2832477==    See README_MISSING_SYSCALL_OR_IOCTL for guidance on writing a proper wrapper.
==2832476== brk segment overflow in thread #1: can't grow to 0x4a2f000
==2832476== (see section Limitations in user manual)
==2832476== NOTE: further instances of this message will not be shown
==2832475== brk segment overflow in thread #1: can't grow to 0x4a2f000
==2832475== (see section Limitations in user manual)
==2832475== NOTE: further instances of this message will not be shown
==2832477== brk segment overflow in thread #1: can't grow to 0x4a2f000
==2832477== (see section Limitations in user manual)
==2832477== NOTE: further instances of this message will not be shown
==2832478== brk segment overflow in thread #1: can't grow to 0x4a2f000
==2832478== (see section Limitations in user manual)
==2832478== NOTE: further instances of this message will not be shown
==2832475== WARNING: valgrind ignores shmget(shmflg) SHM_HUGETLB
==2832476== WARNING: valgrind ignores shmget(shmflg) SHM_HUGETLB
==2832477== WARNING: valgrind ignores shmget(shmflg) SHM_HUGETLB
==2832478== WARNING: valgrind ignores shmget(shmflg) SHM_HUGETLB
==2832478== 
==2832476== 
==2832477== 
==2832475== 
==2832476== I   refs:      8,672,596,069
==2832476== I1  misses:       15,658,040
==2832476== LLi misses:           21,735
==2832476== I1  miss rate:          0.18%
==2832476== LLi miss rate:          0.00%
==2832476== 
==2832476== D   refs:      3,132,842,715  (2,102,543,334 rd   + 1,030,299,381 wr)
==2832476== D1  misses:       61,679,456  (   50,967,765 rd   +    10,711,691 wr)
==2832476== LLd misses:          578,131  (       44,193 rd   +       533,938 wr)
==2832476== D1  miss rate:           2.0% (          2.4%     +           1.0%  )
==2832476== LLd miss rate:           0.0% (          0.0%     +           0.1%  )
==2832476== 
==2832476== LL refs:          77,337,496  (   66,625,805 rd   +    10,711,691 wr)
==2832476== LL misses:           599,866  (       65,928 rd   +       533,938 wr)
==2832476== LL miss rate:            0.0% (          0.0%     +           0.1%  )
==2832478== I   refs:      8,673,435,792
==2832478== I1  misses:       15,023,572
==2832478== LLi misses:           21,755
==2832478== I1  miss rate:          0.17%
==2832478== LLi miss rate:          0.00%
==2832478== 
==2832478== D   refs:      3,135,933,444  (2,105,358,437 rd   + 1,030,575,007 wr)
==2832478== D1  misses:       61,986,039  (   51,176,463 rd   +    10,809,576 wr)
==2832478== LLd misses:          576,945  (       44,195 rd   +       532,750 wr)
==2832478== D1  miss rate:           2.0% (          2.4%     +           1.0%  )
==2832478== LLd miss rate:           0.0% (          0.0%     +           0.1%  )
==2832478== 
==2832478== LL refs:          77,009,611  (   66,200,035 rd   +    10,809,576 wr)
==2832478== LL misses:           598,700  (       65,950 rd   +       532,750 wr)
==2832478== LL miss rate:            0.0% (          0.0%     +           0.1%  )
==2832477== I   refs:      8,670,182,708
==2832477== I1  misses:       15,773,386
==2832477== LLi misses:           21,913
==2832477== I1  miss rate:          0.18%
==2832477== LLi miss rate:          0.00%
==2832477== 
==2832477== D   refs:      3,131,902,556  (2,101,549,063 rd   + 1,030,353,493 wr)
==2832477== D1  misses:       61,911,994  (   51,102,081 rd   +    10,809,913 wr)
==2832477== LLd misses:          578,705  (       44,320 rd   +       534,385 wr)
==2832477== D1  miss rate:           2.0% (          2.4%     +           1.0%  )
==2832477== LLd miss rate:           0.0% (          0.0%     +           0.1%  )
==2832477== 
==2832477== LL refs:          77,685,380  (   66,875,467 rd   +    10,809,913 wr)
==2832477== LL misses:           600,618  (       66,233 rd   +       534,385 wr)
==2832477== LL miss rate:            0.0% (          0.0%     +           0.1%  )
==2832475== I   refs:      8,645,777,807
==2832475== I1  misses:       17,968,552
==2832475== LLi misses:           22,244
==2832475== I1  miss rate:          0.21%
==2832475== LLi miss rate:          0.00%
==2832475== 
==2832475== D   refs:      3,120,467,185  (2,090,896,293 rd   + 1,029,570,892 wr)
==2832475== D1  misses:       62,615,682  (   51,574,009 rd   +    11,041,673 wr)
==2832475== LLd misses:          666,837  (       76,333 rd   +       590,504 wr)
==2832475== D1  miss rate:           2.0% (          2.5%     +           1.1%  )
==2832475== LLd miss rate:           0.0% (          0.0%     +           0.1%  )
==2832475== 
==2832475== LL refs:          80,584,234  (   69,542,561 rd   +    11,041,673 wr)
==2832475== LL misses:           689,081  (       98,577 rd   +       590,504 wr)
==2832475== LL miss rate:            0.0% (          0.0%     +           0.1%  )
==2832573== Callgrind, a call-graph generating cache profiler
==2832573== Copyright (C) 2002-2017, and GNU GPL'd, by Josef Weidendorfer et al.
==2832573== Using Valgrind-3.17.0 and LibVEX; rerun with -h for copyright info
==2832573== Command: ./esPIC -nPEx 2 -nPEy 2 -nCellx 50 -nCelly 50 -flux 800. -vx_bdy 1. -npHat 80. -tEnd 0.1 -dt .01
==2832573== 
==2832574== Callgrind, a call-graph generating cache profiler
==2832574== Copyright (C) 2002-2017, and GNU GPL'd, by Josef Weidendorfer et al.
==2832574== Using Valgrind-3.17.0 and LibVEX; rerun with -h for copyright info
==2832574== Command: ./esPIC -nPEx 2 -nPEy 2 -nCellx 50 -nCelly 50 -flux 800. -vx_bdy 1. -npHat 80. -tEnd 0.1 -dt .01
==2832574== 
==2832571== Callgrind, a call-graph generating cache profiler
==2832571== Copyright (C) 2002-2017, and GNU GPL'd, by Josef Weidendorfer et al.
==2832571== Using Valgrind-3.17.0 and LibVEX; rerun with -h for copyright info
==2832571== Command: ./esPIC -nPEx 2 -nPEy 2 -nCellx 50 -nCelly 50 -flux 800. -vx_bdy 1. -npHat 80. -tEnd 0.1 -dt .01
==2832571== 
==2832572== Callgrind, a call-graph generating cache profiler
==2832572== Copyright (C) 2002-2017, and GNU GPL'd, by Josef Weidendorfer et al.
==2832572== Using Valgrind-3.17.0 and LibVEX; rerun with -h for copyright info
==2832572== Command: ./esPIC -nPEx 2 -nPEy 2 -nCellx 50 -nCelly 50 -flux 800. -vx_bdy 1. -npHat 80. -tEnd 0.1 -dt .01
==2832572== 
==2832572== For interactive control, run 'callgrind_control -h'.
==2832574== For interactive control, run 'callgrind_control -h'.
==2832573== For interactive control, run 'callgrind_control -h'.
==2832571== For interactive control, run 'callgrind_control -h'.
==2832571== Warning: noted but unhandled ioctl 0x7800 with no size/direction hints.
==2832571==    This could cause spurious value errors to appear.
==2832571==    See README_MISSING_SYSCALL_OR_IOCTL for guidance on writing a proper wrapper.
==2832572== Warning: noted but unhandled ioctl 0x7800 with no size/direction hints.
==2832572==    This could cause spurious value errors to appear.
==2832572==    See README_MISSING_SYSCALL_OR_IOCTL for guidance on writing a proper wrapper.
==2832573== Warning: noted but unhandled ioctl 0x7800 with no size/direction hints.
==2832573==    This could cause spurious value errors to appear.
==2832573==    See README_MISSING_SYSCALL_OR_IOCTL for guidance on writing a proper wrapper.
==2832574== Warning: noted but unhandled ioctl 0x7800 with no size/direction hints.
==2832574==    This could cause spurious value errors to appear.
==2832574==    See README_MISSING_SYSCALL_OR_IOCTL for guidance on writing a proper wrapper.
==2832571== brk segment overflow in thread #1: can't grow to 0x4a2f000
==2832571== (see section Limitations in user manual)
==2832571== NOTE: further instances of this message will not be shown
==2832572== brk segment overflow in thread #1: can't grow to 0x4a2f000
==2832572== (see section Limitations in user manual)
==2832572== NOTE: further instances of this message will not be shown
==2832573== brk segment overflow in thread #1: can't grow to 0x4a2f000
==2832573== (see section Limitations in user manual)
==2832573== NOTE: further instances of this message will not be shown
==2832574== brk segment overflow in thread #1: can't grow to 0x4a2f000
==2832574== (see section Limitations in user manual)
==2832574== NOTE: further instances of this message will not be shown
==2832571== WARNING: valgrind ignores shmget(shmflg) SHM_HUGETLB
==2832572== WARNING: valgrind ignores shmget(shmflg) SHM_HUGETLB
==2832573== WARNING: valgrind ignores shmget(shmflg) SHM_HUGETLB
==2832574== WARNING: valgrind ignores shmget(shmflg) SHM_HUGETLB
==2832572== 
==2832573== 
==2832571== 
==2832574== 
==2832572== Events    : Ir
==2832572== Collected : 8604497186
==2832572== 
==2832572== I   refs:      8,604,497,186
==2832574== Events    : Ir
==2832574== Collected : 8609632306
==2832574== 
==2832574== I   refs:      8,609,632,306
==2832573== Events    : Ir
==2832573== Collected : 8599234763
==2832573== 
==2832573== I   refs:      8,599,234,763
==2832571== Events    : Ir
==2832571== Collected : 8606890652
==2832571== 
==2832571== I   refs:      8,606,890,652
==2832668== Cachegrind, a cache and branch-prediction profiler
==2832668== Copyright (C) 2002-2017, and GNU GPL'd, by Nicholas Nethercote et al.
==2832668== Using Valgrind-3.17.0 and LibVEX; rerun with -h for copyright info
==2832668== Command: ./esPIC -nPEx 2 -nPEy 2 -nCellx 50 -nCelly 50 -flux 800. -vx_bdy 1. -npHat 80. -tEnd 0.1 -dt .01
==2832668== 
--2832668-- warning: L3 cache found, using its data for the LL simulation.
==2832669== Cachegrind, a cache and branch-prediction profiler
==2832669== Copyright (C) 2002-2017, and GNU GPL'd, by Nicholas Nethercote et al.
==2832669== Using Valgrind-3.17.0 and LibVEX; rerun with -h for copyright info
==2832669== Command: ./esPIC -nPEx 2 -nPEy 2 -nCellx 50 -nCelly 50 -flux 800. -vx_bdy 1. -npHat 80. -tEnd 0.1 -dt .01
==2832669== 
--2832669-- warning: L3 cache found, using its data for the LL simulation.
==2832670== Cachegrind, a cache and branch-prediction profiler
==2832670== Copyright (C) 2002-2017, and GNU GPL'd, by Nicholas Nethercote et al.
==2832670== Using Valgrind-3.17.0 and LibVEX; rerun with -h for copyright info
==2832670== Command: ./esPIC -nPEx 2 -nPEy 2 -nCellx 50 -nCelly 50 -flux 800. -vx_bdy 1. -npHat 80. -tEnd 0.1 -dt .01
==2832670== 
--2832670-- warning: L3 cache found, using its data for the LL simulation.
==2832671== Cachegrind, a cache and branch-prediction profiler
==2832671== Copyright (C) 2002-2017, and GNU GPL'd, by Nicholas Nethercote et al.
==2832671== Using Valgrind-3.17.0 and LibVEX; rerun with -h for copyright info
==2832671== Command: ./esPIC -nPEx 2 -nPEy 2 -nCellx 50 -nCelly 50 -flux 800. -vx_bdy 1. -npHat 80. -tEnd 0.1 -dt .01
==2832671== 
--2832671-- warning: L3 cache found, using its data for the LL simulation.
==2832669== Warning: noted but unhandled ioctl 0x7800 with no size/direction hints.
==2832669==    This could cause spurious value errors to appear.
==2832669==    See README_MISSING_SYSCALL_OR_IOCTL for guidance on writing a proper wrapper.
==2832668== Warning: noted but unhandled ioctl 0x7800 with no size/direction hints.
==2832668==    This could cause spurious value errors to appear.
==2832668==    See README_MISSING_SYSCALL_OR_IOCTL for guidance on writing a proper wrapper.
==2832670== Warning: noted but unhandled ioctl 0x7800 with no size/direction hints.
==2832670==    This could cause spurious value errors to appear.
==2832670==    See README_MISSING_SYSCALL_OR_IOCTL for guidance on writing a proper wrapper.
==2832671== Warning: noted but unhandled ioctl 0x7800 with no size/direction hints.
==2832671==    This could cause spurious value errors to appear.
==2832671==    See README_MISSING_SYSCALL_OR_IOCTL for guidance on writing a proper wrapper.
==2832668== brk segment overflow in thread #1: can't grow to 0x4a2f000
==2832668== (see section Limitations in user manual)
==2832668== NOTE: further instances of this message will not be shown
==2832669== brk segment overflow in thread #1: can't grow to 0x4a2f000
==2832669== (see section Limitations in user manual)
==2832669== NOTE: further instances of this message will not be shown
==2832670== brk segment overflow in thread #1: can't grow to 0x4a2f000
==2832670== (see section Limitations in user manual)
==2832670== NOTE: further instances of this message will not be shown
==2832671== brk segment overflow in thread #1: can't grow to 0x4a2f000
==2832671== (see section Limitations in user manual)
==2832671== NOTE: further instances of this message will not be shown
==2832668== WARNING: valgrind ignores shmget(shmflg) SHM_HUGETLB
==2832669== WARNING: valgrind ignores shmget(shmflg) SHM_HUGETLB
==2832670== WARNING: valgrind ignores shmget(shmflg) SHM_HUGETLB
==2832671== WARNING: valgrind ignores shmget(shmflg) SHM_HUGETLB
==2832671== 
==2832669== 
==2832670== 
==2832668== 
==2832671== I   refs:      8,661,203,656
==2832671== I1  misses:       14,997,457
==2832671== LLi misses:           21,754
==2832671== I1  miss rate:          0.17%
==2832671== LLi miss rate:          0.00%
==2832671== 
==2832671== D   refs:      3,130,586,108  (2,100,801,822 rd   + 1,029,784,286 wr)
==2832671== D1  misses:       61,738,131  (   50,946,520 rd   +    10,791,611 wr)
==2832671== LLd misses:          578,513  (       44,384 rd   +       534,129 wr)
==2832671== D1  miss rate:           2.0% (          2.4%     +           1.0%  )
==2832671== LLd miss rate:           0.0% (          0.0%     +           0.1%  )
==2832671== 
==2832671== LL refs:          76,735,588  (   65,943,977 rd   +    10,791,611 wr)
==2832671== LL misses:           600,267  (       66,138 rd   +       534,129 wr)
==2832671== LL miss rate:            0.0% (          0.0%     +           0.1%  )
==2832670== I   refs:      8,674,789,616
==2832670== I1  misses:       15,765,337
==2832670== LLi misses:           21,892
==2832670== I1  miss rate:          0.18%
==2832670== LLi miss rate:          0.00%
==2832670== 
==2832670== D   refs:      3,134,127,136  (2,103,374,198 rd   + 1,030,752,938 wr)
==2832670== D1  misses:       61,848,087  (   51,043,376 rd   +    10,804,711 wr)
==2832670== LLd misses:          577,036  (       44,037 rd   +       532,999 wr)
==2832670== D1  miss rate:           2.0% (          2.4%     +           1.0%  )
==2832670== LLd miss rate:           0.0% (          0.0%     +           0.1%  )
==2832670== 
==2832670== LL refs:          77,613,424  (   66,808,713 rd   +    10,804,711 wr)
==2832670== LL misses:           598,928  (       65,929 rd   +       532,999 wr)
==2832670== LL miss rate:            0.0% (          0.0%     +           0.1%  )
==2832669== I   refs:      8,664,957,057
==2832669== I1  misses:       15,674,527
==2832669== LLi misses:           21,717
==2832669== I1  miss rate:          0.18%
==2832669== LLi miss rate:          0.00%
==2832669== 
==2832669== D   refs:      3,129,502,172  (2,099,460,883 rd   + 1,030,041,289 wr)
==2832669== D1  misses:       61,751,971  (   51,031,869 rd   +    10,720,102 wr)
==2832669== LLd misses:          578,402  (       44,483 rd   +       533,919 wr)
==2832669== D1  miss rate:           2.0% (          2.4%     +           1.0%  )
==2832669== LLd miss rate:           0.0% (          0.0%     +           0.1%  )
==2832669== 
==2832669== LL refs:          77,426,498  (   66,706,396 rd   +    10,720,102 wr)
==2832669== LL misses:           600,119  (       66,200 rd   +       533,919 wr)
==2832669== LL miss rate:            0.0% (          0.0%     +           0.1%  )
==2832668== I   refs:      8,643,942,859
==2832668== I1  misses:       17,944,966
==2832668== LLi misses:           22,244
==2832668== I1  miss rate:          0.21%
==2832668== LLi miss rate:          0.00%
==2832668== 
==2832668== D   refs:      3,119,642,733  (2,090,248,402 rd   + 1,029,394,331 wr)
==2832668== D1  misses:       62,559,585  (   51,530,614 rd   +    11,028,971 wr)
==2832668== LLd misses:          666,938  (       76,311 rd   +       590,627 wr)
==2832668== D1  miss rate:           2.0% (          2.5%     +           1.1%  )
==2832668== LLd miss rate:           0.0% (          0.0%     +           0.1%  )
==2832668== 
==2832668== LL refs:          80,504,551  (   69,475,580 rd   +    11,028,971 wr)
==2832668== LL misses:           689,182  (       98,555 rd   +       590,627 wr)
==2832668== LL miss rate:            0.0% (          0.0%     +           0.1%  )
==
||
|| Execution of ert in slurm batch script complete.
||
==
