0.196942 0.0421571   0.  
0.196942 0.0546571   0.  
0.197215 0.0670535   0.  
0.198814 0.0791146   0.  
0.216508 0.0856626   0.  
0.216508 0.0981626   0.  
0.216508 0.110663   0.  
0.217118 0.122922   0.  
0.220608 0.133997   0.  
0.234075 0.143879   0.  
0.234075 0.156379   0.  
0.234075 0.168879   0.  
0.23504 0.18093   0.  
0.249545 0.19015   0.  
0.249545 0.20265   0.  
0.249545 0.21515   0.  
0.249626 0.227587   0.  
0.252449 0.238694   0.  
0.261466 0.25032   0.  
0.261466 0.26282   0.  
0.261466 0.27532   0.  
0.262178 0.287256   0.  
0.272241 0.29655   0.  
0.272241 0.30905   0.  
0.272241 0.32155   0.  
0.272241 0.33405   0.  
0.274574 0.344491   0.  
0.280415 0.355266   0.  
0.280415 0.367766   0.  
0.280415 0.380266   0.  
0.28054 0.392536   0.  
0.28633 0.401244   0.  
0.28633 0.413744   0.  
0.28633 0.426244   0.  
0.28633 0.438744   0.  
0.28743 0.448615   0.  
0.289712 0.45956   0.  
0.289712 0.47206   0.  
0.289712 0.48456   0.  
0.407274 0.192587   0.  
0.289712 0.49706   0.  
0.409912 0.203626   0.  
0.41534 0.213567   0.  
0.422328 0.222378   0.  
0.449915 0.22112   0.  
0.452289 0.232326   0.  
0.456451 0.242373   0.  
0.462219 0.251967   0.  
0.471827 0.259235   0.  
0.492854 0.267055   0.  
0.496242 0.277172   0.  
0.498935 0.288418   0.  
