==
||
|| Begin Execution of ert in slurm batch script.
||
==
==1573391== Callgrind, a call-graph generating cache profiler
==1573391== Copyright (C) 2002-2017, and GNU GPL'd, by Josef Weidendorfer et al.
==1573391== Using Valgrind-3.17.0 and LibVEX; rerun with -h for copyright info
==1573391== Command: ./esPIC -nPEx 2 -nPEy 2 -nCellx 10 -nCelly 10 -flux 400. -vx_bdy 1. -npHat 80. -tEnd 0.1 -dt .01
==1573391== 
==1573390== Callgrind, a call-graph generating cache profiler
==1573390== Copyright (C) 2002-2017, and GNU GPL'd, by Josef Weidendorfer et al.
==1573390== Using Valgrind-3.17.0 and LibVEX; rerun with -h for copyright info
==1573390== Command: ./esPIC -nPEx 2 -nPEy 2 -nCellx 10 -nCelly 10 -flux 400. -vx_bdy 1. -npHat 80. -tEnd 0.1 -dt .01
==1573390== 
==1573388== Callgrind, a call-graph generating cache profiler
==1573388== Copyright (C) 2002-2017, and GNU GPL'd, by Josef Weidendorfer et al.
==1573388== Using Valgrind-3.17.0 and LibVEX; rerun with -h for copyright info
==1573388== Command: ./esPIC -nPEx 2 -nPEy 2 -nCellx 10 -nCelly 10 -flux 400. -vx_bdy 1. -npHat 80. -tEnd 0.1 -dt .01
==1573388== 
==1573389== Callgrind, a call-graph generating cache profiler
==1573389== Copyright (C) 2002-2017, and GNU GPL'd, by Josef Weidendorfer et al.
==1573389== Using Valgrind-3.17.0 and LibVEX; rerun with -h for copyright info
==1573389== Command: ./esPIC -nPEx 2 -nPEy 2 -nCellx 10 -nCelly 10 -flux 400. -vx_bdy 1. -npHat 80. -tEnd 0.1 -dt .01
==1573389== 
==1573391== For interactive control, run 'callgrind_control -h'.
==1573390== For interactive control, run 'callgrind_control -h'.
==1573388== For interactive control, run 'callgrind_control -h'.
==1573389== For interactive control, run 'callgrind_control -h'.
==1573388== Warning: noted but unhandled ioctl 0x7800 with no size/direction hints.
==1573388==    This could cause spurious value errors to appear.
==1573388==    See README_MISSING_SYSCALL_OR_IOCTL for guidance on writing a proper wrapper.
==1573389== Warning: noted but unhandled ioctl 0x7800 with no size/direction hints.
==1573389==    This could cause spurious value errors to appear.
==1573389==    See README_MISSING_SYSCALL_OR_IOCTL for guidance on writing a proper wrapper.
==1573391== Warning: noted but unhandled ioctl 0x7800 with no size/direction hints.
==1573391==    This could cause spurious value errors to appear.
==1573391==    See README_MISSING_SYSCALL_OR_IOCTL for guidance on writing a proper wrapper.
==1573390== Warning: noted but unhandled ioctl 0x7800 with no size/direction hints.
==1573390==    This could cause spurious value errors to appear.
==1573390==    See README_MISSING_SYSCALL_OR_IOCTL for guidance on writing a proper wrapper.
==1573389== brk segment overflow in thread #1: can't grow to 0x4a32000
==1573389== (see section Limitations in user manual)
==1573389== NOTE: further instances of this message will not be shown
==1573388== brk segment overflow in thread #1: can't grow to 0x4a32000
==1573388== (see section Limitations in user manual)
==1573388== NOTE: further instances of this message will not be shown
==1573390== brk segment overflow in thread #1: can't grow to 0x4a32000
==1573390== (see section Limitations in user manual)
==1573390== NOTE: further instances of this message will not be shown
==1573391== brk segment overflow in thread #1: can't grow to 0x4a32000
==1573391== (see section Limitations in user manual)
==1573391== NOTE: further instances of this message will not be shown
==1573388== WARNING: valgrind ignores shmget(shmflg) SHM_HUGETLB
==1573389== WARNING: valgrind ignores shmget(shmflg) SHM_HUGETLB
==1573390== WARNING: valgrind ignores shmget(shmflg) SHM_HUGETLB
==1573391== WARNING: valgrind ignores shmget(shmflg) SHM_HUGETLB
==1573389== 
==1573390== 
==1573391== 
==1573388== 
==1573389== Events    : Ir
==1573389== Collected : 714584363
==1573389== 
==1573389== I   refs:      714,584,363
==1573391== Events    : Ir
==1573391== Collected : 709557383
==1573391== 
==1573391== I   refs:      709,557,383
==1573390== Events    : Ir
==1573390== Collected : 711315085
==1573390== 
==1573390== I   refs:      711,315,085
==1573388== Events    : Ir
==1573388== Collected : 706604088
==1573388== 
==1573388== I   refs:      706,604,088
==1573458== Cachegrind, a cache and branch-prediction profiler
==1573458== Copyright (C) 2002-2017, and GNU GPL'd, by Nicholas Nethercote et al.
==1573458== Using Valgrind-3.17.0 and LibVEX; rerun with -h for copyright info
==1573459== Cachegrind, a cache and branch-prediction profiler
==1573459== Copyright (C) 2002-2017, and GNU GPL'd, by Nicholas Nethercote et al.
==1573459== Using Valgrind-3.17.0 and LibVEX; rerun with -h for copyright info
==1573459== Command: ./esPIC -nPEx 2 -nPEy 2 -nCellx 10 -nCelly 10 -flux 400. -vx_bdy 1. -npHat 80. -tEnd 0.1 -dt .01
==1573459== 
--1573459-- warning: L3 cache found, using its data for the LL simulation.
==1573460== Cachegrind, a cache and branch-prediction profiler
==1573460== Copyright (C) 2002-2017, and GNU GPL'd, by Nicholas Nethercote et al.
==1573460== Using Valgrind-3.17.0 and LibVEX; rerun with -h for copyright info
==1573461== Cachegrind, a cache and branch-prediction profiler
==1573461== Copyright (C) 2002-2017, and GNU GPL'd, by Nicholas Nethercote et al.
==1573461== Using Valgrind-3.17.0 and LibVEX; rerun with -h for copyright info
==1573461== Command: ./esPIC -nPEx 2 -nPEy 2 -nCellx 10 -nCelly 10 -flux 400. -vx_bdy 1. -npHat 80. -tEnd 0.1 -dt .01
==1573461== 
--1573461-- warning: L3 cache found, using its data for the LL simulation.
==1573458== Command: ./esPIC -nPEx 2 -nPEy 2 -nCellx 10 -nCelly 10 -flux 400. -vx_bdy 1. -npHat 80. -tEnd 0.1 -dt .01
==1573458== 
--1573458-- warning: L3 cache found, using its data for the LL simulation.
==1573460== Command: ./esPIC -nPEx 2 -nPEy 2 -nCellx 10 -nCelly 10 -flux 400. -vx_bdy 1. -npHat 80. -tEnd 0.1 -dt .01
==1573460== 
--1573460-- warning: L3 cache found, using its data for the LL simulation.
==1573460== Warning: noted but unhandled ioctl 0x7800 with no size/direction hints.
==1573460==    This could cause spurious value errors to appear.
==1573460==    See README_MISSING_SYSCALL_OR_IOCTL for guidance on writing a proper wrapper.
==1573461== Warning: noted but unhandled ioctl 0x7800 with no size/direction hints.
==1573461==    This could cause spurious value errors to appear.
==1573461==    See README_MISSING_SYSCALL_OR_IOCTL for guidance on writing a proper wrapper.
==1573458== Warning: noted but unhandled ioctl 0x7800 with no size/direction hints.
==1573458==    This could cause spurious value errors to appear.
==1573458==    See README_MISSING_SYSCALL_OR_IOCTL for guidance on writing a proper wrapper.
==1573459== Warning: noted but unhandled ioctl 0x7800 with no size/direction hints.
==1573459==    This could cause spurious value errors to appear.
==1573459==    See README_MISSING_SYSCALL_OR_IOCTL for guidance on writing a proper wrapper.
==1573458== brk segment overflow in thread #1: can't grow to 0x4a32000
==1573458== (see section Limitations in user manual)
==1573458== NOTE: further instances of this message will not be shown
==1573459== brk segment overflow in thread #1: can't grow to 0x4a32000
==1573459== (see section Limitations in user manual)
==1573459== NOTE: further instances of this message will not be shown
==1573460== brk segment overflow in thread #1: can't grow to 0x4a32000
==1573460== (see section Limitations in user manual)
==1573460== NOTE: further instances of this message will not be shown
==1573461== brk segment overflow in thread #1: can't grow to 0x4a32000
==1573461== (see section Limitations in user manual)
==1573461== NOTE: further instances of this message will not be shown
==1573458== WARNING: valgrind ignores shmget(shmflg) SHM_HUGETLB
==1573459== WARNING: valgrind ignores shmget(shmflg) SHM_HUGETLB
==1573460== WARNING: valgrind ignores shmget(shmflg) SHM_HUGETLB
==1573461== WARNING: valgrind ignores shmget(shmflg) SHM_HUGETLB
==1573459== 
==1573461== 
==1573460== 
==1573458== 
==1573459== I   refs:      738,666,714
==1573459== I1  misses:      1,728,349
==1573459== LLi misses:         22,076
==1573459== I1  miss rate:        0.23%
==1573459== LLi miss rate:        0.00%
==1573459== 
==1573459== D   refs:      407,272,190  (236,966,548 rd   + 170,305,642 wr)
==1573459== D1  misses:      3,391,525  (  2,121,100 rd   +   1,270,425 wr)
==1573459== LLd misses:        451,913  (     47,177 rd   +     404,736 wr)
==1573459== D1  miss rate:         0.8% (        0.9%     +         0.7%  )
==1573459== LLd miss rate:         0.1% (        0.0%     +         0.2%  )
==1573459== 
==1573459== LL refs:         5,119,874  (  3,849,449 rd   +   1,270,425 wr)
==1573459== LL misses:         473,989  (     69,253 rd   +     404,736 wr)
==1573459== LL miss rate:          0.0% (        0.0%     +         0.2%  )
==1573461== I   refs:      741,012,464
==1573461== I1  misses:      1,771,496
==1573461== LLi misses:         22,093
==1573461== I1  miss rate:        0.24%
==1573461== LLi miss rate:        0.00%
==1573461== 
==1573461== D   refs:      409,265,945  (238,359,262 rd   + 170,906,683 wr)
==1573461== D1  misses:      3,553,092  (  2,236,778 rd   +   1,316,314 wr)
==1573461== LLd misses:        453,671  (     47,238 rd   +     406,433 wr)
==1573461== D1  miss rate:         0.9% (        0.9%     +         0.8%  )
==1573461== LLd miss rate:         0.1% (        0.0%     +         0.2%  )
==1573461== 
==1573461== LL refs:         5,324,588  (  4,008,274 rd   +   1,316,314 wr)
==1573461== LL misses:         475,764  (     69,331 rd   +     406,433 wr)
==1573461== LL miss rate:          0.0% (        0.0%     +         0.2%  )
==1573458== I   refs:      722,789,506
==1573458== I1  misses:      2,238,470
==1573458== LLi misses:         22,613
==1573458== I1  miss rate:        0.31%
==1573458== LLi miss rate:        0.00%
==1573458== 
==1573458== D   refs:      399,785,816  (231,292,990 rd   + 168,492,826 wr)
==1573458== D1  misses:      3,715,140  (  2,320,180 rd   +   1,394,960 wr)
==1573458== LLd misses:        481,375  (     56,431 rd   +     424,944 wr)
==1573458== D1  miss rate:         0.9% (        1.0%     +         0.8%  )
==1573458== LLd miss rate:         0.1% (        0.0%     +         0.3%  )
==1573458== 
==1573458== LL refs:         5,953,610  (  4,558,650 rd   +   1,394,960 wr)
==1573458== LL misses:         503,988  (     79,044 rd   +     424,944 wr)
==1573458== LL miss rate:          0.0% (        0.0%     +         0.3%  )
==1573460== I   refs:      737,729,716
==1573460== I1  misses:      1,879,664
==1573460== LLi misses:         22,276
==1573460== I1  miss rate:        0.25%
==1573460== LLi miss rate:        0.00%
==1573460== 
==1573460== D   refs:      406,655,743  (237,203,283 rd   + 169,452,460 wr)
==1573460== D1  misses:      3,688,770  (  2,357,494 rd   +   1,331,276 wr)
==1573460== LLd misses:        453,487  (     47,129 rd   +     406,358 wr)
==1573460== D1  miss rate:         0.9% (        1.0%     +         0.8%  )
==1573460== LLd miss rate:         0.1% (        0.0%     +         0.2%  )
==1573460== 
==1573460== LL refs:         5,568,434  (  4,237,158 rd   +   1,331,276 wr)
==1573460== LL misses:         475,763  (     69,405 rd   +     406,358 wr)
==1573460== LL miss rate:          0.0% (        0.0%     +         0.2%  )
==
||
|| Execution of ert in slurm batch script complete.
||
==
