==
||
|| Begin Execution of ert in slurm batch script.
||
==
==1573034== Callgrind, a call-graph generating cache profiler
==1573034== Copyright (C) 2002-2017, and GNU GPL'd, by Josef Weidendorfer et al.
==1573034== Using Valgrind-3.17.0 and LibVEX; rerun with -h for copyright info
==1573034== Command: ./esPIC -nPEx 2 -nPEy 2 -nCellx 3 -nCelly 3 -flux 400. -vx_bdy 1. -npHat 80. -tEnd 0.03 -dt .01
==1573034== 
==1573034== For interactive control, run 'callgrind_control -h'.
==1573035== Callgrind, a call-graph generating cache profiler
==1573035== Copyright (C) 2002-2017, and GNU GPL'd, by Josef Weidendorfer et al.
==1573035== Using Valgrind-3.17.0 and LibVEX; rerun with -h for copyright info
==1573035== Command: ./esPIC -nPEx 2 -nPEy 2 -nCellx 3 -nCelly 3 -flux 400. -vx_bdy 1. -npHat 80. -tEnd 0.03 -dt .01
==1573035== 
==1573036== Callgrind, a call-graph generating cache profiler
==1573036== Copyright (C) 2002-2017, and GNU GPL'd, by Josef Weidendorfer et al.
==1573036== Using Valgrind-3.17.0 and LibVEX; rerun with -h for copyright info
==1573036== Command: ./esPIC -nPEx 2 -nPEy 2 -nCellx 3 -nCelly 3 -flux 400. -vx_bdy 1. -npHat 80. -tEnd 0.03 -dt .01
==1573036== 
==1573037== Callgrind, a call-graph generating cache profiler
==1573037== Copyright (C) 2002-2017, and GNU GPL'd, by Josef Weidendorfer et al.
==1573037== Using Valgrind-3.17.0 and LibVEX; rerun with -h for copyright info
==1573037== Command: ./esPIC -nPEx 2 -nPEy 2 -nCellx 3 -nCelly 3 -flux 400. -vx_bdy 1. -npHat 80. -tEnd 0.03 -dt .01
==1573037== 
==1573035== For interactive control, run 'callgrind_control -h'.
==1573037== For interactive control, run 'callgrind_control -h'.
==1573036== For interactive control, run 'callgrind_control -h'.
==1573035== Warning: noted but unhandled ioctl 0x7800 with no size/direction hints.
==1573035==    This could cause spurious value errors to appear.
==1573035==    See README_MISSING_SYSCALL_OR_IOCTL for guidance on writing a proper wrapper.
==1573034== Warning: noted but unhandled ioctl 0x7800 with no size/direction hints.
==1573034==    This could cause spurious value errors to appear.
==1573034==    See README_MISSING_SYSCALL_OR_IOCTL for guidance on writing a proper wrapper.
==1573037== Warning: noted but unhandled ioctl 0x7800 with no size/direction hints.
==1573037==    This could cause spurious value errors to appear.
==1573037==    See README_MISSING_SYSCALL_OR_IOCTL for guidance on writing a proper wrapper.
==1573036== Warning: noted but unhandled ioctl 0x7800 with no size/direction hints.
==1573036==    This could cause spurious value errors to appear.
==1573036==    See README_MISSING_SYSCALL_OR_IOCTL for guidance on writing a proper wrapper.
==1573034== brk segment overflow in thread #1: can't grow to 0x4a53000
==1573034== (see section Limitations in user manual)
==1573034== NOTE: further instances of this message will not be shown
==1573035== brk segment overflow in thread #1: can't grow to 0x4a53000
==1573035== (see section Limitations in user manual)
==1573035== NOTE: further instances of this message will not be shown
==1573037== brk segment overflow in thread #1: can't grow to 0x4a53000
==1573037== (see section Limitations in user manual)
==1573037== NOTE: further instances of this message will not be shown
==1573036== brk segment overflow in thread #1: can't grow to 0x4a53000
==1573036== (see section Limitations in user manual)
==1573036== NOTE: further instances of this message will not be shown
==1573034== WARNING: valgrind ignores shmget(shmflg) SHM_HUGETLB
==1573035== WARNING: valgrind ignores shmget(shmflg) SHM_HUGETLB
==1573036== WARNING: valgrind ignores shmget(shmflg) SHM_HUGETLB
==1573037== WARNING: valgrind ignores shmget(shmflg) SHM_HUGETLB
==1573035== 
==1573037== 
==1573036== 
==1573034== 
==1573035== Events    : Ir
==1573035== Collected : 277573192
==1573035== 
==1573035== I   refs:      277,573,192
==1573037== Events    : Ir
==1573037== Collected : 275253880
==1573037== 
==1573037== I   refs:      275,253,880
==1573036== Events    : Ir
==1573036== Collected : 274884056
==1573036== 
==1573036== I   refs:      274,884,056
==1573034== Events    : Ir
==1573034== Collected : 269886903
==1573034== 
==1573034== I   refs:      269,886,903
==
||
|| Execution of ert in slurm batch script complete.
||
==
