==
||
|| Begin Execution of ert in slurm batch script.
||
==
==1994566== Callgrind, a call-graph generating cache profiler
==1994566== Copyright (C) 2002-2017, and GNU GPL'd, by Josef Weidendorfer et al.
==1994566== Using Valgrind-3.17.0 and LibVEX; rerun with -h for copyright info
==1994566== Command: ./esPIC -nPEx 2 -nPEy 2 -nCellx 10 -nCelly 10 -flux 400. -vx_bdy 1. -npHat 80. -tEnd 0.1 -dt .01
==1994566== 
==1994565== Callgrind, a call-graph generating cache profiler
==1994565== Copyright (C) 2002-2017, and GNU GPL'd, by Josef Weidendorfer et al.
==1994565== Using Valgrind-3.17.0 and LibVEX; rerun with -h for copyright info
==1994565== Command: ./esPIC -nPEx 2 -nPEy 2 -nCellx 10 -nCelly 10 -flux 400. -vx_bdy 1. -npHat 80. -tEnd 0.1 -dt .01
==1994565== 
==1994567== Callgrind, a call-graph generating cache profiler
==1994567== Copyright (C) 2002-2017, and GNU GPL'd, by Josef Weidendorfer et al.
==1994567== Using Valgrind-3.17.0 and LibVEX; rerun with -h for copyright info
==1994567== Command: ./esPIC -nPEx 2 -nPEy 2 -nCellx 10 -nCelly 10 -flux 400. -vx_bdy 1. -npHat 80. -tEnd 0.1 -dt .01
==1994567== 
==1994568== Callgrind, a call-graph generating cache profiler
==1994568== Copyright (C) 2002-2017, and GNU GPL'd, by Josef Weidendorfer et al.
==1994568== Using Valgrind-3.17.0 and LibVEX; rerun with -h for copyright info
==1994568== Command: ./esPIC -nPEx 2 -nPEy 2 -nCellx 10 -nCelly 10 -flux 400. -vx_bdy 1. -npHat 80. -tEnd 0.1 -dt .01
==1994568== 
==1994566== For interactive control, run 'callgrind_control -h'.
==1994565== For interactive control, run 'callgrind_control -h'.
==1994568== For interactive control, run 'callgrind_control -h'.
==1994567== For interactive control, run 'callgrind_control -h'.
==1994565== Warning: noted but unhandled ioctl 0x7800 with no size/direction hints.
==1994565==    This could cause spurious value errors to appear.
==1994565==    See README_MISSING_SYSCALL_OR_IOCTL for guidance on writing a proper wrapper.
==1994566== Warning: noted but unhandled ioctl 0x7800 with no size/direction hints.
==1994566==    This could cause spurious value errors to appear.
==1994566==    See README_MISSING_SYSCALL_OR_IOCTL for guidance on writing a proper wrapper.
==1994568== Warning: noted but unhandled ioctl 0x7800 with no size/direction hints.
==1994568==    This could cause spurious value errors to appear.
==1994568==    See README_MISSING_SYSCALL_OR_IOCTL for guidance on writing a proper wrapper.
==1994567== Warning: noted but unhandled ioctl 0x7800 with no size/direction hints.
==1994567==    This could cause spurious value errors to appear.
==1994567==    See README_MISSING_SYSCALL_OR_IOCTL for guidance on writing a proper wrapper.
==1994566== brk segment overflow in thread #1: can't grow to 0x4a39000
==1994566== (see section Limitations in user manual)
==1994566== NOTE: further instances of this message will not be shown
==1994565== brk segment overflow in thread #1: can't grow to 0x4a39000
==1994565== (see section Limitations in user manual)
==1994565== NOTE: further instances of this message will not be shown
==1994567== brk segment overflow in thread #1: can't grow to 0x4a39000
==1994567== (see section Limitations in user manual)
==1994567== NOTE: further instances of this message will not be shown
==1994568== brk segment overflow in thread #1: can't grow to 0x4a39000
==1994568== (see section Limitations in user manual)
==1994568== NOTE: further instances of this message will not be shown
==1994565== WARNING: valgrind ignores shmget(shmflg) SHM_HUGETLB
==1994566== WARNING: valgrind ignores shmget(shmflg) SHM_HUGETLB
==1994567== WARNING: valgrind ignores shmget(shmflg) SHM_HUGETLB
==1994568== WARNING: valgrind ignores shmget(shmflg) SHM_HUGETLB
==1994566== 
==1994568== 
==1994567== 
==1994565== 
==1994567== Events    : Ir
==1994567== Collected : 712418519
==1994567== 
==1994567== I   refs:      712,418,519
==1994566== Events    : Ir
==1994566== Collected : 719267471
==1994566== 
==1994566== I   refs:      719,267,471
==1994568== Events    : Ir
==1994568== Collected : 708232797
==1994568== 
==1994568== I   refs:      708,232,797
==1994565== Events    : Ir
==1994565== Collected : 712578289
==1994565== 
==1994565== I   refs:      712,578,289
==1994648== Cachegrind, a cache and branch-prediction profiler
==1994648== Copyright (C) 2002-2017, and GNU GPL'd, by Nicholas Nethercote et al.
==1994648== Using Valgrind-3.17.0 and LibVEX; rerun with -h for copyright info
==1994648== Command: ./esPIC -nPEx 2 -nPEy 2 -nCellx 10 -nCelly 10 -flux 400. -vx_bdy 1. -npHat 80. -tEnd 0.1 -dt .01
==1994648== 
--1994648-- warning: L3 cache found, using its data for the LL simulation.
==1994649== Cachegrind, a cache and branch-prediction profiler
==1994649== Copyright (C) 2002-2017, and GNU GPL'd, by Nicholas Nethercote et al.
==1994649== Using Valgrind-3.17.0 and LibVEX; rerun with -h for copyright info
==1994649== Command: ./esPIC -nPEx 2 -nPEy 2 -nCellx 10 -nCelly 10 -flux 400. -vx_bdy 1. -npHat 80. -tEnd 0.1 -dt .01
==1994649== 
--1994649-- warning: L3 cache found, using its data for the LL simulation.
==1994650== Cachegrind, a cache and branch-prediction profiler
==1994650== Copyright (C) 2002-2017, and GNU GPL'd, by Nicholas Nethercote et al.
==1994650== Using Valgrind-3.17.0 and LibVEX; rerun with -h for copyright info
==1994650== Command: ./esPIC -nPEx 2 -nPEy 2 -nCellx 10 -nCelly 10 -flux 400. -vx_bdy 1. -npHat 80. -tEnd 0.1 -dt .01
==1994650== 
--1994650-- warning: L3 cache found, using its data for the LL simulation.
==1994651== Cachegrind, a cache and branch-prediction profiler
==1994651== Copyright (C) 2002-2017, and GNU GPL'd, by Nicholas Nethercote et al.
==1994651== Using Valgrind-3.17.0 and LibVEX; rerun with -h for copyright info
==1994651== Command: ./esPIC -nPEx 2 -nPEy 2 -nCellx 10 -nCelly 10 -flux 400. -vx_bdy 1. -npHat 80. -tEnd 0.1 -dt .01
==1994651== 
--1994651-- warning: L3 cache found, using its data for the LL simulation.
==1994649== Warning: noted but unhandled ioctl 0x7800 with no size/direction hints.
==1994649==    This could cause spurious value errors to appear.
==1994649==    See README_MISSING_SYSCALL_OR_IOCTL for guidance on writing a proper wrapper.
==1994648== Warning: noted but unhandled ioctl 0x7800 with no size/direction hints.
==1994648==    This could cause spurious value errors to appear.
==1994648==    See README_MISSING_SYSCALL_OR_IOCTL for guidance on writing a proper wrapper.
==1994650== Warning: noted but unhandled ioctl 0x7800 with no size/direction hints.
==1994650==    This could cause spurious value errors to appear.
==1994650==    See README_MISSING_SYSCALL_OR_IOCTL for guidance on writing a proper wrapper.
==1994651== Warning: noted but unhandled ioctl 0x7800 with no size/direction hints.
==1994651==    This could cause spurious value errors to appear.
==1994651==    See README_MISSING_SYSCALL_OR_IOCTL for guidance on writing a proper wrapper.
==1994649== brk segment overflow in thread #1: can't grow to 0x4a39000
==1994649== (see section Limitations in user manual)
==1994649== NOTE: further instances of this message will not be shown
==1994648== brk segment overflow in thread #1: can't grow to 0x4a39000
==1994648== (see section Limitations in user manual)
==1994648== NOTE: further instances of this message will not be shown
==1994650== brk segment overflow in thread #1: can't grow to 0x4a39000
==1994650== (see section Limitations in user manual)
==1994650== NOTE: further instances of this message will not be shown
==1994651== brk segment overflow in thread #1: can't grow to 0x4a39000
==1994651== (see section Limitations in user manual)
==1994651== NOTE: further instances of this message will not be shown
==1994648== WARNING: valgrind ignores shmget(shmflg) SHM_HUGETLB
==1994649== WARNING: valgrind ignores shmget(shmflg) SHM_HUGETLB
==1994650== WARNING: valgrind ignores shmget(shmflg) SHM_HUGETLB
==1994651== WARNING: valgrind ignores shmget(shmflg) SHM_HUGETLB
==1994649== 
==1994651== 
==1994650== 
==1994648== 
==1994649== I   refs:      754,041,270
==1994649== I1  misses:      1,847,274
==1994649== LLi misses:         22,079
==1994649== I1  miss rate:        0.24%
==1994649== LLi miss rate:        0.00%
==1994649== 
==1994649== D   refs:      413,971,064  (242,422,196 rd   + 171,548,868 wr)
==1994649== D1  misses:      3,719,254  (  2,374,321 rd   +   1,344,933 wr)
==1994649== LLd misses:        452,663  (     47,167 rd   +     405,496 wr)
==1994649== D1  miss rate:         0.9% (        1.0%     +         0.8%  )
==1994649== LLd miss rate:         0.1% (        0.0%     +         0.2%  )
==1994649== 
==1994649== LL refs:         5,566,528  (  4,221,595 rd   +   1,344,933 wr)
==1994649== LL misses:         474,742  (     69,246 rd   +     405,496 wr)
==1994649== LL miss rate:          0.0% (        0.0%     +         0.2%  )
==1994651== I   refs:      722,159,209
==1994651== I1  misses:      1,829,352
==1994651== LLi misses:         22,210
==1994651== I1  miss rate:        0.25%
==1994651== LLi miss rate:        0.00%
==1994651== 
==1994651== D   refs:      400,143,958  (231,207,777 rd   + 168,936,181 wr)
==1994651== D1  misses:      3,438,336  (  2,148,518 rd   +   1,289,818 wr)
==1994651== LLd misses:        454,784  (     47,649 rd   +     407,135 wr)
==1994651== D1  miss rate:         0.9% (        0.9%     +         0.8%  )
==1994651== LLd miss rate:         0.1% (        0.0%     +         0.2%  )
==1994651== 
==1994651== LL refs:         5,267,688  (  3,977,870 rd   +   1,289,818 wr)
==1994651== LL misses:         476,994  (     69,859 rd   +     407,135 wr)
==1994651== LL miss rate:          0.0% (        0.0%     +         0.2%  )
==1994650== I   refs:      728,696,571
==1994650== I1  misses:      1,853,910
==1994650== LLi misses:         22,224
==1994650== I1  miss rate:        0.25%
==1994650== LLi miss rate:        0.00%
==1994650== 
==1994650== D   refs:      403,172,132  (234,058,426 rd   + 169,113,706 wr)
==1994650== D1  misses:      3,466,138  (  2,115,970 rd   +   1,350,168 wr)
==1994650== LLd misses:        454,418  (     47,063 rd   +     407,355 wr)
==1994650== D1  miss rate:         0.9% (        0.9%     +         0.8%  )
==1994650== LLd miss rate:         0.1% (        0.0%     +         0.2%  )
==1994650== 
==1994650== LL refs:         5,320,048  (  3,969,880 rd   +   1,350,168 wr)
==1994650== LL misses:         476,642  (     69,287 rd   +     407,355 wr)
==1994650== LL miss rate:          0.0% (        0.0%     +         0.2%  )
==1994648== I   refs:      733,443,162
==1994648== I1  misses:      2,290,156
==1994648== LLi misses:         22,595
==1994648== I1  miss rate:        0.31%
==1994648== LLi miss rate:        0.00%
==1994648== 
==1994648== D   refs:      403,864,052  (234,909,002 rd   + 168,955,050 wr)
==1994648== D1  misses:      3,663,875  (  2,256,756 rd   +   1,407,119 wr)
==1994648== LLd misses:        485,542  (     60,430 rd   +     425,112 wr)
==1994648== D1  miss rate:         0.9% (        1.0%     +         0.8%  )
==1994648== LLd miss rate:         0.1% (        0.0%     +         0.3%  )
==1994648== 
==1994648== LL refs:         5,954,031  (  4,546,912 rd   +   1,407,119 wr)
==1994648== LL misses:         508,137  (     83,025 rd   +     425,112 wr)
==1994648== LL miss rate:          0.0% (        0.0%     +         0.3%  )
==
||
|| Execution of ert in slurm batch script complete.
||
==
