==
||
|| Begin Execution of ert in slurm batch script.
||
==
==1573988== Callgrind, a call-graph generating cache profiler
==1573988== Copyright (C) 2002-2017, and GNU GPL'd, by Josef Weidendorfer et al.
==1573988== Using Valgrind-3.17.0 and LibVEX; rerun with -h for copyright info
==1573988== Command: ./esPIC -nPEx 2 -nPEy 2 -nCellx 10 -nCelly 10 -flux 400. -vx_bdy 1. -npHat 80. -tEnd 0.1 -dt .01
==1573988== 
==1573987== Callgrind, a call-graph generating cache profiler
==1573987== Copyright (C) 2002-2017, and GNU GPL'd, by Josef Weidendorfer et al.
==1573987== Using Valgrind-3.17.0 and LibVEX; rerun with -h for copyright info
==1573987== Command: ./esPIC -nPEx 2 -nPEy 2 -nCellx 10 -nCelly 10 -flux 400. -vx_bdy 1. -npHat 80. -tEnd 0.1 -dt .01
==1573987== 
==1573985== Callgrind, a call-graph generating cache profiler
==1573985== Copyright (C) 2002-2017, and GNU GPL'd, by Josef Weidendorfer et al.
==1573985== Using Valgrind-3.17.0 and LibVEX; rerun with -h for copyright info
==1573985== Command: ./esPIC -nPEx 2 -nPEy 2 -nCellx 10 -nCelly 10 -flux 400. -vx_bdy 1. -npHat 80. -tEnd 0.1 -dt .01
==1573985== 
==1573986== Callgrind, a call-graph generating cache profiler
==1573986== Copyright (C) 2002-2017, and GNU GPL'd, by Josef Weidendorfer et al.
==1573986== Using Valgrind-3.17.0 and LibVEX; rerun with -h for copyright info
==1573986== Command: ./esPIC -nPEx 2 -nPEy 2 -nCellx 10 -nCelly 10 -flux 400. -vx_bdy 1. -npHat 80. -tEnd 0.1 -dt .01
==1573986== 
==1573988== For interactive control, run 'callgrind_control -h'.
==1573985== For interactive control, run 'callgrind_control -h'.
==1573987== For interactive control, run 'callgrind_control -h'.
==1573986== For interactive control, run 'callgrind_control -h'.
==1573985== Warning: noted but unhandled ioctl 0x7800 with no size/direction hints.
==1573985==    This could cause spurious value errors to appear.
==1573985==    See README_MISSING_SYSCALL_OR_IOCTL for guidance on writing a proper wrapper.
==1573986== Warning: noted but unhandled ioctl 0x7800 with no size/direction hints.
==1573986==    This could cause spurious value errors to appear.
==1573986==    See README_MISSING_SYSCALL_OR_IOCTL for guidance on writing a proper wrapper.
==1573988== Warning: noted but unhandled ioctl 0x7800 with no size/direction hints.
==1573988==    This could cause spurious value errors to appear.
==1573988==    See README_MISSING_SYSCALL_OR_IOCTL for guidance on writing a proper wrapper.
==1573987== Warning: noted but unhandled ioctl 0x7800 with no size/direction hints.
==1573987==    This could cause spurious value errors to appear.
==1573987==    See README_MISSING_SYSCALL_OR_IOCTL for guidance on writing a proper wrapper.
==1573985== brk segment overflow in thread #1: can't grow to 0x4a53000
==1573985== (see section Limitations in user manual)
==1573985== NOTE: further instances of this message will not be shown
==1573986== brk segment overflow in thread #1: can't grow to 0x4a53000
==1573986== (see section Limitations in user manual)
==1573986== NOTE: further instances of this message will not be shown
==1573987== brk segment overflow in thread #1: can't grow to 0x4a53000
==1573987== (see section Limitations in user manual)
==1573987== NOTE: further instances of this message will not be shown
==1573988== brk segment overflow in thread #1: can't grow to 0x4a53000
==1573988== (see section Limitations in user manual)
==1573988== NOTE: further instances of this message will not be shown
==1573985== WARNING: valgrind ignores shmget(shmflg) SHM_HUGETLB
==1573986== WARNING: valgrind ignores shmget(shmflg) SHM_HUGETLB
==1573987== WARNING: valgrind ignores shmget(shmflg) SHM_HUGETLB
==1573988== WARNING: valgrind ignores shmget(shmflg) SHM_HUGETLB
==1573986== 
==1573988== 
==1573985== 
==1573987== 
==1573986== Events    : Ir
==1573986== Collected : 711806333
==1573986== 
==1573986== I   refs:      711,806,333
==1573987== Events    : Ir
==1573987== Collected : 709984251
==1573987== 
==1573987== I   refs:      709,984,251
==1573988== Events    : Ir
==1573988== Collected : 712973817
==1573988== 
==1573988== I   refs:      712,973,817
==1573985== Events    : Ir
==1573985== Collected : 707543974
==1573985== 
==1573985== I   refs:      707,543,974
==1574061== Cachegrind, a cache and branch-prediction profiler
==1574061== Copyright (C) 2002-2017, and GNU GPL'd, by Nicholas Nethercote et al.
==1574061== Using Valgrind-3.17.0 and LibVEX; rerun with -h for copyright info
==1574061== Command: ./esPIC -nPEx 2 -nPEy 2 -nCellx 10 -nCelly 10 -flux 400. -vx_bdy 1. -npHat 80. -tEnd 0.1 -dt .01
==1574061== 
--1574061-- warning: L3 cache found, using its data for the LL simulation.
==1574059== Cachegrind, a cache and branch-prediction profiler
==1574059== Copyright (C) 2002-2017, and GNU GPL'd, by Nicholas Nethercote et al.
==1574059== Using Valgrind-3.17.0 and LibVEX; rerun with -h for copyright info
==1574059== Command: ./esPIC -nPEx 2 -nPEy 2 -nCellx 10 -nCelly 10 -flux 400. -vx_bdy 1. -npHat 80. -tEnd 0.1 -dt .01
==1574059== 
--1574059-- warning: L3 cache found, using its data for the LL simulation.
==1574060== Cachegrind, a cache and branch-prediction profiler
==1574060== Copyright (C) 2002-2017, and GNU GPL'd, by Nicholas Nethercote et al.
==1574060== Using Valgrind-3.17.0 and LibVEX; rerun with -h for copyright info
==1574060== Command: ./esPIC -nPEx 2 -nPEy 2 -nCellx 10 -nCelly 10 -flux 400. -vx_bdy 1. -npHat 80. -tEnd 0.1 -dt .01
==1574060== 
--1574060-- warning: L3 cache found, using its data for the LL simulation.
==1574062== Cachegrind, a cache and branch-prediction profiler
==1574062== Copyright (C) 2002-2017, and GNU GPL'd, by Nicholas Nethercote et al.
==1574062== Using Valgrind-3.17.0 and LibVEX; rerun with -h for copyright info
==1574062== Command: ./esPIC -nPEx 2 -nPEy 2 -nCellx 10 -nCelly 10 -flux 400. -vx_bdy 1. -npHat 80. -tEnd 0.1 -dt .01
==1574062== 
--1574062-- warning: L3 cache found, using its data for the LL simulation.
==1574059== Warning: noted but unhandled ioctl 0x7800 with no size/direction hints.
==1574059==    This could cause spurious value errors to appear.
==1574059==    See README_MISSING_SYSCALL_OR_IOCTL for guidance on writing a proper wrapper.
==1574060== Warning: noted but unhandled ioctl 0x7800 with no size/direction hints.
==1574060==    This could cause spurious value errors to appear.
==1574060==    See README_MISSING_SYSCALL_OR_IOCTL for guidance on writing a proper wrapper.
==1574061== Warning: noted but unhandled ioctl 0x7800 with no size/direction hints.
==1574061==    This could cause spurious value errors to appear.
==1574061==    See README_MISSING_SYSCALL_OR_IOCTL for guidance on writing a proper wrapper.
==1574062== Warning: noted but unhandled ioctl 0x7800 with no size/direction hints.
==1574062==    This could cause spurious value errors to appear.
==1574062==    See README_MISSING_SYSCALL_OR_IOCTL for guidance on writing a proper wrapper.
==1574059== brk segment overflow in thread #1: can't grow to 0x4a53000
==1574059== (see section Limitations in user manual)
==1574059== NOTE: further instances of this message will not be shown
==1574060== brk segment overflow in thread #1: can't grow to 0x4a53000
==1574060== (see section Limitations in user manual)
==1574060== NOTE: further instances of this message will not be shown
==1574061== brk segment overflow in thread #1: can't grow to 0x4a53000
==1574061== (see section Limitations in user manual)
==1574061== NOTE: further instances of this message will not be shown
==1574062== brk segment overflow in thread #1: can't grow to 0x4a53000
==1574062== (see section Limitations in user manual)
==1574062== NOTE: further instances of this message will not be shown
==1574059== WARNING: valgrind ignores shmget(shmflg) SHM_HUGETLB
==1574060== WARNING: valgrind ignores shmget(shmflg) SHM_HUGETLB
==1574061== WARNING: valgrind ignores shmget(shmflg) SHM_HUGETLB
==1574062== WARNING: valgrind ignores shmget(shmflg) SHM_HUGETLB
==1574060== 
==1574062== 
==1574061== 
==1574059== 
==1574062== I   refs:      733,619,678
==1574062== I1  misses:      1,713,103
==1574062== LLi misses:         22,088
==1574062== I1  miss rate:        0.23%
==1574062== LLi miss rate:        0.00%
==1574062== 
==1574062== D   refs:      405,566,751  (235,614,612 rd   + 169,952,139 wr)
==1574062== D1  misses:      3,502,938  (  2,189,187 rd   +   1,313,751 wr)
==1574062== LLd misses:        452,251  (     47,150 rd   +     405,101 wr)
==1574062== D1  miss rate:         0.9% (        0.9%     +         0.8%  )
==1574062== LLd miss rate:         0.1% (        0.0%     +         0.2%  )
==1574062== 
==1574062== LL refs:         5,216,041  (  3,902,290 rd   +   1,313,751 wr)
==1574062== LL misses:         474,339  (     69,238 rd   +     405,101 wr)
==1574062== LL miss rate:          0.0% (        0.0%     +         0.2%  )
==1574060== I   refs:      760,544,668
==1574060== I1  misses:      1,708,426
==1574060== LLi misses:         22,093
==1574060== I1  miss rate:        0.22%
==1574060== LLi miss rate:        0.00%
==1574060== 
==1574060== D   refs:      418,162,200  (245,346,913 rd   + 172,815,287 wr)
==1574060== D1  misses:      3,468,023  (  2,156,029 rd   +   1,311,994 wr)
==1574060== LLd misses:        452,114  (     47,181 rd   +     404,933 wr)
==1574060== D1  miss rate:         0.8% (        0.9%     +         0.8%  )
==1574060== LLd miss rate:         0.1% (        0.0%     +         0.2%  )
==1574060== 
==1574060== LL refs:         5,176,449  (  3,864,455 rd   +   1,311,994 wr)
==1574060== LL misses:         474,207  (     69,274 rd   +     404,933 wr)
==1574060== LL miss rate:          0.0% (        0.0%     +         0.2%  )
==1574061== I   refs:      744,076,608
==1574061== I1  misses:      1,842,864
==1574061== LLi misses:         22,241
==1574061== I1  miss rate:        0.25%
==1574061== LLi miss rate:        0.00%
==1574061== 
==1574061== D   refs:      409,293,950  (239,386,121 rd   + 169,907,829 wr)
==1574061== D1  misses:      3,506,038  (  2,193,379 rd   +   1,312,659 wr)
==1574061== LLd misses:        451,045  (     47,040 rd   +     404,005 wr)
==1574061== D1  miss rate:         0.9% (        0.9%     +         0.8%  )
==1574061== LLd miss rate:         0.1% (        0.0%     +         0.2%  )
==1574061== 
==1574061== LL refs:         5,348,902  (  4,036,243 rd   +   1,312,659 wr)
==1574061== LL misses:         473,286  (     69,281 rd   +     404,005 wr)
==1574061== LL miss rate:          0.0% (        0.0%     +         0.2%  )
==1574059== I   refs:      726,313,863
==1574059== I1  misses:      2,213,942
==1574059== LLi misses:         22,608
==1574059== I1  miss rate:        0.30%
==1574059== LLi miss rate:        0.00%
==1574059== 
==1574059== D   refs:      401,748,865  (232,258,087 rd   + 169,490,778 wr)
==1574059== D1  misses:      3,673,267  (  2,267,596 rd   +   1,405,671 wr)
==1574059== LLd misses:        480,667  (     56,949 rd   +     423,718 wr)
==1574059== D1  miss rate:         0.9% (        1.0%     +         0.8%  )
==1574059== LLd miss rate:         0.1% (        0.0%     +         0.2%  )
==1574059== 
==1574059== LL refs:         5,887,209  (  4,481,538 rd   +   1,405,671 wr)
==1574059== LL misses:         503,275  (     79,557 rd   +     423,718 wr)
==1574059== LL miss rate:          0.0% (        0.0%     +         0.2%  )
==
||
|| Execution of ert in slurm batch script complete.
||
==
