
------------------------------------------------------

 E L E C T R O S T I C   P A R T I C L E - I N - C E L L
 D E M O   C O D E                           

 Running on 4 processors 

------------------------------------------------------


Input Summary: 
--------------------------- 
No. PE   in  x-direction: 2
             y-direction: 2
No. Cells in x-direction: 12
             y-direction: 12
Flux density            : 400
End Time                : 0.5
Time Step               : 0.01
Plot Interval           : 0

Time = 0
Plotting output at time = 0 Latest matrix solver iteration count = 647
Time = 0.01
Plotting output at time = 0.01 Latest matrix solver iteration count = 470
Time = 0.02
Plotting output at time = 0.02 Latest matrix solver iteration count = 431
Time = 0.03
Plotting output at time = 0.03 Latest matrix solver iteration count = 399
Time = 0.04
Plotting output at time = 0.04 Latest matrix solver iteration count = 367
Time = 0.05
Plotting output at time = 0.05 Latest matrix solver iteration count = 336
Time = 0.06
Plotting output at time = 0.06 Latest matrix solver iteration count = 305
Time = 0.07
Plotting output at time = 0.07 Latest matrix solver iteration count = 275
Time = 0.08
Plotting output at time = 0.08 Latest matrix solver iteration count = 247
Time = 0.09
Plotting output at time = 0.09 Latest matrix solver iteration count = 220
Time = 0.1
Plotting output at time = 0.1 Latest matrix solver iteration count = 194
Time = 0.11
Plotting output at time = 0.11 Latest matrix solver iteration count = 170
Time = 0.12
Plotting output at time = 0.12 Latest matrix solver iteration count = 148
Time = 0.13
Plotting output at time = 0.13 Latest matrix solver iteration count = 127
Time = 0.14
Plotting output at time = 0.14 Latest matrix solver iteration count = 109
Time = 0.15
Plotting output at time = 0.15 Latest matrix solver iteration count = 92
Time = 0.16
Plotting output at time = 0.16 Latest matrix solver iteration count = 78
Time = 0.17
Plotting output at time = 0.17 Latest matrix solver iteration count = 65
Time = 0.18
Plotting output at time = 0.18 Latest matrix solver iteration count = 54
Time = 0.19
Plotting output at time = 0.19 Latest matrix solver iteration count = 45
Time = 0.2
Plotting output at time = 0.2 Latest matrix solver iteration count = 405
Time = 0.21
Plotting output at time = 0.21 Latest matrix solver iteration count = 521
Time = 0.22
Plotting output at time = 0.22 Latest matrix solver iteration count = 576
Time = 0.23
Plotting output at time = 0.23 Latest matrix solver iteration count = 610
Time = 0.24
Plotting output at time = 0.24 Latest matrix solver iteration count = 633
Time = 0.25
Plotting output at time = 0.25 Latest matrix solver iteration count = 649
Time = 0.26
Plotting output at time = 0.26 Latest matrix solver iteration count = 661
Time = 0.27
Plotting output at time = 0.27 Latest matrix solver iteration count = 670
Time = 0.28
Plotting output at time = 0.28 Latest matrix solver iteration count = 678
Time = 0.29
Plotting output at time = 0.29 Latest matrix solver iteration count = 683
Time = 0.3
Plotting output at time = 0.3 Latest matrix solver iteration count = 687
Time = 0.31
Plotting output at time = 0.31 Latest matrix solver iteration count = 690
Time = 0.32
Plotting output at time = 0.32 Latest matrix solver iteration count = 693
Time = 0.33
Plotting output at time = 0.33 Latest matrix solver iteration count = 695
Time = 0.34
Plotting output at time = 0.34 Latest matrix solver iteration count = 697
Time = 0.35
Plotting output at time = 0.35 Latest matrix solver iteration count = 698
Time = 0.36
Plotting output at time = 0.36 Latest matrix solver iteration count = 699
Time = 0.37
Plotting output at time = 0.37 Latest matrix solver iteration count = 700
Time = 0.38
Plotting output at time = 0.38 Latest matrix solver iteration count = 700
Time = 0.39
Plotting output at time = 0.39 Latest matrix solver iteration count = 701
Time = 0.4
Plotting output at time = 0.4 Latest matrix solver iteration count = 730
Time = 0.41
Plotting output at time = 0.41 Latest matrix solver iteration count = 751
Time = 0.42
Plotting output at time = 0.42 Latest matrix solver iteration count = 766
Time = 0.43
Plotting output at time = 0.43 Latest matrix solver iteration count = 777
Time = 0.44
Plotting output at time = 0.44 Latest matrix solver iteration count = 786
Time = 0.45
Plotting output at time = 0.45 Latest matrix solver iteration count = 793
Time = 0.46
Plotting output at time = 0.46 Latest matrix solver iteration count = 799
Time = 0.47
Plotting output at time = 0.47 Latest matrix solver iteration count = 804
Time = 0.48
Plotting output at time = 0.48 Latest matrix solver iteration count = 806
Time = 0.49
Plotting output at time = 0.49 Latest matrix solver iteration count = 809
[ main ] EXECUTION TIME  = 1300724523 (ns)
[ main ] EXECUTION TIME  = 1187662636 (ns)
[ main ] EXECUTION TIME  = 1129172538 (ns)
[ main ] EXECUTION TIME  = 745028671 (ns)
