
------------------------------------------------------

 E L E C T R O S T I C   P A R T I C L E - I N - C E L L
 D E M O   C O D E                           

 Running on 16 processors 

------------------------------------------------------


Input Summary: 
--------------------------- 
No. PE   in  x-direction: 4
             y-direction: 4
No. Cells in x-direction: 6
             y-direction: 6
Flux density            : 400
End Time                : 0.5
Time Step               : 0.01
Plot Interval           : 0

Time = 0
Plotting output at time = 0 Latest matrix solver iteration count = 600
Time = 0.01
Plotting output at time = 0.01 Latest matrix solver iteration count = 430
Time = 0.02
Plotting output at time = 0.02 Latest matrix solver iteration count = 396
Time = 0.03
Plotting output at time = 0.03 Latest matrix solver iteration count = 366
Time = 0.04
Plotting output at time = 0.04 Latest matrix solver iteration count = 338
Time = 0.05
Plotting output at time = 0.05 Latest matrix solver iteration count = 310
Time = 0.06
Plotting output at time = 0.06 Latest matrix solver iteration count = 282
Time = 0.07
Plotting output at time = 0.07 Latest matrix solver iteration count = 256
Time = 0.08
Plotting output at time = 0.08 Latest matrix solver iteration count = 230
Time = 0.09
Plotting output at time = 0.09 Latest matrix solver iteration count = 206
Time = 0.1
Plotting output at time = 0.1 Latest matrix solver iteration count = 183
Time = 0.11
Plotting output at time = 0.11 Latest matrix solver iteration count = 161
Time = 0.12
Plotting output at time = 0.12 Latest matrix solver iteration count = 140
Time = 0.13
Plotting output at time = 0.13 Latest matrix solver iteration count = 122
Time = 0.14
Plotting output at time = 0.14 Latest matrix solver iteration count = 104
Time = 0.15
Plotting output at time = 0.15 Latest matrix solver iteration count = 89
Time = 0.16
Plotting output at time = 0.16 Latest matrix solver iteration count = 75
Time = 0.17
Plotting output at time = 0.17 Latest matrix solver iteration count = 63
Time = 0.18
Plotting output at time = 0.18 Latest matrix solver iteration count = 53
Time = 0.19
Plotting output at time = 0.19 Latest matrix solver iteration count = 44
Time = 0.2
Plotting output at time = 0.2 Latest matrix solver iteration count = 407
Time = 0.21
Plotting output at time = 0.21 Latest matrix solver iteration count = 502
Time = 0.22
Plotting output at time = 0.22 Latest matrix solver iteration count = 549
Time = 0.23
Plotting output at time = 0.23 Latest matrix solver iteration count = 578
Time = 0.24
Plotting output at time = 0.24 Latest matrix solver iteration count = 597
Time = 0.25
Plotting output at time = 0.25 Latest matrix solver iteration count = 612
Time = 0.26
Plotting output at time = 0.26 Latest matrix solver iteration count = 622
Time = 0.27
Plotting output at time = 0.27 Latest matrix solver iteration count = 630
Time = 0.28
Plotting output at time = 0.28 Latest matrix solver iteration count = 636
Time = 0.29
Plotting output at time = 0.29 Latest matrix solver iteration count = 640
Time = 0.3
Plotting output at time = 0.3 Latest matrix solver iteration count = 644
Time = 0.31
Plotting output at time = 0.31 Latest matrix solver iteration count = 647
Time = 0.32
Plotting output at time = 0.32 Latest matrix solver iteration count = 649
Time = 0.33
Plotting output at time = 0.33 Latest matrix solver iteration count = 651
Time = 0.34
Plotting output at time = 0.34 Latest matrix solver iteration count = 653
Time = 0.35
Plotting output at time = 0.35 Latest matrix solver iteration count = 654
Time = 0.36
Plotting output at time = 0.36 Latest matrix solver iteration count = 654
Time = 0.37
Plotting output at time = 0.37 Latest matrix solver iteration count = 655
Time = 0.38
Plotting output at time = 0.38 Latest matrix solver iteration count = 656
Time = 0.39
Plotting output at time = 0.39 Latest matrix solver iteration count = 658
Time = 0.4
Plotting output at time = 0.4 Latest matrix solver iteration count = 681
Time = 0.41
Plotting output at time = 0.41 Latest matrix solver iteration count = 700
Time = 0.42
Plotting output at time = 0.42 Latest matrix solver iteration count = 713
Time = 0.43
Plotting output at time = 0.43 Latest matrix solver iteration count = 723
Time = 0.44
Plotting output at time = 0.44 Latest matrix solver iteration count = 731
Time = 0.45
Plotting output at time = 0.45 Latest matrix solver iteration count = 737
Time = 0.46
Plotting output at time = 0.46 Latest matrix solver iteration count = 742
Time = 0.47
Plotting output at time = 0.47 Latest matrix solver iteration count = 746
Time = 0.48
Plotting output at time = 0.48 Latest matrix solver iteration count = 750
Time = 0.49
Plotting output at time = 0.49 Latest matrix solver iteration count = 754
[ main ] EXECUTION TIME  = 1915483384 (ns)
[ main ] EXECUTION TIME  = 1911313740 (ns)
[ main ] EXECUTION TIME  = 1712419191 (ns)
[ main ] EXECUTION TIME  = 1440824678 (ns)
[ main ] EXECUTION TIME  = 1290053429 (ns)
[ main ] EXECUTION TIME  = 1481863049 (ns)
[ main ] EXECUTION TIME  = 1034975150 (ns)
[ main ] EXECUTION TIME  = 1357457543 (ns)
[ main ] EXECUTION TIME  = 1074100214 (ns)
[ main ] EXECUTION TIME  = 1114641374 (ns)
[ main ] EXECUTION TIME  = 908504639 (ns)
[ main ] EXECUTION TIME  = 1231530057 (ns)
[ main ] EXECUTION TIME  = 1233908567 (ns)
[ main ] EXECUTION TIME  = 1187519748 (ns)
[ main ] EXECUTION TIME  = 552731673 (ns)
[ main ] EXECUTION TIME  = 949938617 (ns)
