
------------------------------------------------------

 E L E C T R O S T I C   P A R T I C L E - I N - C E L L
 D E M O   C O D E                           

 Running on 4 processors 

------------------------------------------------------


Input Summary: 
--------------------------- 
No. PE   in  x-direction: 2
             y-direction: 2
No. Cells in x-direction: 100
             y-direction: 100
Flux density            : 400
End Time                : 0.1
Time Step               : 0.01
Plot Interval           : 0

Time = 0
Plotting output at time = 0 Latest matrix solver iteration count = 5001
Time = 0.01
Plotting output at time = 0.01 Latest matrix solver iteration count = 5001
Time = 0.02
