0.901929 0.525925   0.  
0.900874 0.521154   0.  
0.900592 0.52122   0.  
0.900409 0.523136   0.  
0.900406 0.526556   0.  
0.900332 0.519843   0.  
0.899279 0.518379   0.  
0.898432 0.520709   0.  
0.897749 0.521526   0.  
0.897152 0.519145   0.  
0.896198 0.518935   0.  
0.894735 0.517386   0.  
0.893622 0.520573   0.  
0.894493 0.521579   0.  
0.891954 0.528941   0.  
0.891954 0.541441   0.  
0.891954 0.553941   0.  
0.894092 0.543378   0.  
0.896658 0.534305   0.  
0.898064 0.526902   0.  
0.898961 0.528036   0.  
0.899551 0.533685   0.  
0.899704 0.541694   0.  
0.900734 0.525645   0.  
0.900893 0.525165   0.  
0.901398 0.526381   0.  
0.901621 0.529595   0.  
0.892312 0.514319   0.  
0.889887 0.515716   0.  
0.88819 0.517401   0.  
0.886671 0.519154   0.  
0.884726 0.515965   0.  
0.884378 0.513258   0.  
0.884054 0.515426   0.  
0.882014 0.515648   0.  
0.875942 0.514471   0.  
0.880217 0.510038   0.  
0.87987 0.513822   0.  
0.879901 0.513952   0.  
0.879459 0.516463   0.  
0.893612 0.527909   0.  
0.891215 0.534172   0.  
0.889007 0.537992   0.  
0.870595 0.501888   0.  
0.870595 0.514388   0.  
0.870595 0.526888   0.  
0.870595 0.539388   0.  
0.871255 0.540679   0.  
0.869534 0.524681   0.  
0.870003 0.525283   0.  
0.869877 0.531854   0.  
0.870059 0.540478   0.  
0.867972 0.508902   0.  
0.865908 0.534041   0.  
0.863583 0.533939   0.  
0.864006 0.536686   0.  
0.863261 0.54215   0.  
0.856831 0.544473   0.  
0.853387 0.542331   0.  
0.852572 0.543092   0.  
0.851252 0.548853   0.  
0.850256 0.555434   0.  
0.844088 0.554829   0.  
0.838415 0.553851   0.  
0.83605 0.558279   0.  
0.83379 0.564742   0.  
0.824343 0.567726   0.  
0.815478 0.567734   0.  
0.810888 0.571426   0.  
0.80722 0.576468   0.  
0.803662 0.582369   0.  
0.792106 0.585579   0.  
0.786864 0.590751   0.  
0.780775 0.594299   0.  
0.776024 0.600641   0.  
0.889625 0.537165   0.  
0.761961 0.608844   0.  
0.752617 0.611985   0.  
0.746713 0.616936   0.  
0.86694 0.51746   0.  
0.743304 0.624579   0.  
0.738782 0.630961   0.  
0.716338 0.637258   0.  
0.70976 0.642986   0.  
0.705828 0.650141   0.  
0.700345 0.657063   0.  
0.88773 0.535911   0.  
0.885819 0.540023   0.  
0.883931 0.542243   0.  
0.883638 0.541915   0.  
0.866526 0.516575   0.  
0.875956 0.541583   0.  
0.880985 0.540593   0.  
0.872498 0.542655   0.  
0.866522 0.543657   0.  
0.869148 0.543983   0.  
0.632677 0.506652   0.  
0.632816 0.501586   0.  
0.632816 0.514086   0.  
0.632816 0.526586   0.  
0.632816 0.539086   0.  
0.63208 0.546571   0.  
0.629576 0.541267   0.  
0.629218 0.550069   0.  
0.629157 0.562009   0.  
0.629157 0.574509   0.  
0.854676 0.544302   0.  
0.858703 0.54458   0.  
0.863694 0.544861   0.  
0.867635 0.542247   0.  
0.624647 0.575094   0.  
0.622481 0.580477   0.  
0.621556 0.589494   0.  
0.621219 0.600162   0.  
0.613542 0.607598   0.  
0.607394 0.610677   0.  
0.605311 0.618265   0.  
0.604353 0.628186   0.  
0.603868 0.639304   0.  
0.851057 0.545107   0.  
0.839367 0.54522   0.  
0.84569 0.542898   0.  
0.852168 0.543856   0.  
0.791166 0.58066   0.  
0.792632 0.577729   0.  
0.796005 0.575282   0.  
0.795929 0.571405   0.  
0.864986 0.511838   0.  
0.59398 0.645367   0.  
0.589452 0.651932   0.  
0.587066 0.660758   0.  
0.586004 0.67171   0.  
0.833243 0.543352   0.  
0.837494 0.544084   0.  
0.81745 0.541599   0.  
0.821363 0.544693   0.  
0.826545 0.543211   0.  
0.829331 0.544643   0.  
0.803804 0.550059   0.  
0.806997 0.54589   0.  
0.810822 0.54798   0.  
0.815517 0.543241   0.  
0.793186 0.561907   0.  
0.794468 0.561647   0.  
0.797306 0.556128   0.  
0.800369 0.553502   0.  
0.80392 0.550576   0.  
0.572904 0.680059   0.  
0.565728 0.686809   0.  
0.562143 0.695649   0.  
0.559569 0.705278   0.  
0.558389 0.716253   0.  
0.860163 0.510136   0.  
0.862004 0.51147   0.  
0.539693 0.725431   0.  
0.535197 0.73486   0.  
0.6325 0.50344   0.  
0.859343 0.506998   0.  
0.864706 0.505888   0.  
0.531332 0.744439   0.  
0.529475 0.755406   0.  
0.84759 0.502032   0.  
0.850517 0.501126   0.  
0.858575 0.501561   0.  
0.512889 0.769458   0.  
0.504373 0.777852   0.  
