==
||
|| Begin Execution of ert in slurm batch script.
||
==
==1577059== Callgrind, a call-graph generating cache profiler
==1577059== Copyright (C) 2002-2017, and GNU GPL'd, by Josef Weidendorfer et al.
==1577059== Using Valgrind-3.17.0 and LibVEX; rerun with -h for copyright info
==1577059== Command: ./esPIC -nPEx 2 -nPEy 2 -nCellx 10 -nCelly 10 -flux 400. -vx_bdy 1. -npHat 80. -tEnd 0.1 -dt .01
==1577059== 
==1577058== Callgrind, a call-graph generating cache profiler
==1577058== Copyright (C) 2002-2017, and GNU GPL'd, by Josef Weidendorfer et al.
==1577058== Using Valgrind-3.17.0 and LibVEX; rerun with -h for copyright info
==1577058== Command: ./esPIC -nPEx 2 -nPEy 2 -nCellx 10 -nCelly 10 -flux 400. -vx_bdy 1. -npHat 80. -tEnd 0.1 -dt .01
==1577058== 
==1577060== Callgrind, a call-graph generating cache profiler
==1577060== Copyright (C) 2002-2017, and GNU GPL'd, by Josef Weidendorfer et al.
==1577060== Using Valgrind-3.17.0 and LibVEX; rerun with -h for copyright info
==1577060== Command: ./esPIC -nPEx 2 -nPEy 2 -nCellx 10 -nCelly 10 -flux 400. -vx_bdy 1. -npHat 80. -tEnd 0.1 -dt .01
==1577060== 
==1577061== Callgrind, a call-graph generating cache profiler
==1577061== Copyright (C) 2002-2017, and GNU GPL'd, by Josef Weidendorfer et al.
==1577061== Using Valgrind-3.17.0 and LibVEX; rerun with -h for copyright info
==1577061== Command: ./esPIC -nPEx 2 -nPEy 2 -nCellx 10 -nCelly 10 -flux 400. -vx_bdy 1. -npHat 80. -tEnd 0.1 -dt .01
==1577061== 
==1577059== For interactive control, run 'callgrind_control -h'.
==1577060== For interactive control, run 'callgrind_control -h'.
==1577058== For interactive control, run 'callgrind_control -h'.
==1577061== For interactive control, run 'callgrind_control -h'.
==1577058== Warning: noted but unhandled ioctl 0x7800 with no size/direction hints.
==1577058==    This could cause spurious value errors to appear.
==1577058==    See README_MISSING_SYSCALL_OR_IOCTL for guidance on writing a proper wrapper.
==1577059== Warning: noted but unhandled ioctl 0x7800 with no size/direction hints.
==1577059==    This could cause spurious value errors to appear.
==1577059==    See README_MISSING_SYSCALL_OR_IOCTL for guidance on writing a proper wrapper.
==1577060== Warning: noted but unhandled ioctl 0x7800 with no size/direction hints.
==1577060==    This could cause spurious value errors to appear.
==1577060==    See README_MISSING_SYSCALL_OR_IOCTL for guidance on writing a proper wrapper.
==1577061== Warning: noted but unhandled ioctl 0x7800 with no size/direction hints.
==1577061==    This could cause spurious value errors to appear.
==1577061==    See README_MISSING_SYSCALL_OR_IOCTL for guidance on writing a proper wrapper.
==1577058== brk segment overflow in thread #1: can't grow to 0x4a51000
==1577058== (see section Limitations in user manual)
==1577058== NOTE: further instances of this message will not be shown
==1577059== brk segment overflow in thread #1: can't grow to 0x4a51000
==1577059== (see section Limitations in user manual)
==1577059== NOTE: further instances of this message will not be shown
==1577060== brk segment overflow in thread #1: can't grow to 0x4a51000
==1577060== (see section Limitations in user manual)
==1577060== NOTE: further instances of this message will not be shown
==1577061== brk segment overflow in thread #1: can't grow to 0x4a51000
==1577061== (see section Limitations in user manual)
==1577061== NOTE: further instances of this message will not be shown
==1577058== WARNING: valgrind ignores shmget(shmflg) SHM_HUGETLB
==1577059== WARNING: valgrind ignores shmget(shmflg) SHM_HUGETLB
==1577060== WARNING: valgrind ignores shmget(shmflg) SHM_HUGETLB
==1577061== WARNING: valgrind ignores shmget(shmflg) SHM_HUGETLB
==1577060== 
==1577061== 
==1577059== 
==1577058== 
==1577059== Events    : Ir
==1577059== Collected : 779988113
==1577059== 
==1577059== I   refs:      779,988,113
==1577061== Events    : Ir
==1577061== Collected : 779435290
==1577061== 
==1577061== I   refs:      779,435,290
==1577060== Events    : Ir
==1577060== Collected : 778331633
==1577060== 
==1577060== I   refs:      778,331,633
==1577058== Events    : Ir
==1577058== Collected : 770914009
==1577058== 
==1577058== I   refs:      770,914,009
==1577138== Cachegrind, a cache and branch-prediction profiler
==1577138== Copyright (C) 2002-2017, and GNU GPL'd, by Nicholas Nethercote et al.
==1577138== Using Valgrind-3.17.0 and LibVEX; rerun with -h for copyright info
==1577138== Command: ./esPIC -nPEx 2 -nPEy 2 -nCellx 10 -nCelly 10 -flux 400. -vx_bdy 1. -npHat 80. -tEnd 0.1 -dt .01
==1577138== 
--1577138-- warning: L3 cache found, using its data for the LL simulation.
==1577135== Cachegrind, a cache and branch-prediction profiler
==1577135== Copyright (C) 2002-2017, and GNU GPL'd, by Nicholas Nethercote et al.
==1577135== Using Valgrind-3.17.0 and LibVEX; rerun with -h for copyright info
==1577135== Command: ./esPIC -nPEx 2 -nPEy 2 -nCellx 10 -nCelly 10 -flux 400. -vx_bdy 1. -npHat 80. -tEnd 0.1 -dt .01
==1577135== 
--1577135-- warning: L3 cache found, using its data for the LL simulation.
==1577136== Cachegrind, a cache and branch-prediction profiler
==1577136== Copyright (C) 2002-2017, and GNU GPL'd, by Nicholas Nethercote et al.
==1577136== Using Valgrind-3.17.0 and LibVEX; rerun with -h for copyright info
==1577136== Command: ./esPIC -nPEx 2 -nPEy 2 -nCellx 10 -nCelly 10 -flux 400. -vx_bdy 1. -npHat 80. -tEnd 0.1 -dt .01
==1577136== 
--1577136-- warning: L3 cache found, using its data for the LL simulation.
==1577137== Cachegrind, a cache and branch-prediction profiler
==1577137== Copyright (C) 2002-2017, and GNU GPL'd, by Nicholas Nethercote et al.
==1577137== Using Valgrind-3.17.0 and LibVEX; rerun with -h for copyright info
==1577137== Command: ./esPIC -nPEx 2 -nPEy 2 -nCellx 10 -nCelly 10 -flux 400. -vx_bdy 1. -npHat 80. -tEnd 0.1 -dt .01
==1577137== 
--1577137-- warning: L3 cache found, using its data for the LL simulation.
==1577135== Warning: noted but unhandled ioctl 0x7800 with no size/direction hints.
==1577135==    This could cause spurious value errors to appear.
==1577135==    See README_MISSING_SYSCALL_OR_IOCTL for guidance on writing a proper wrapper.
==1577136== Warning: noted but unhandled ioctl 0x7800 with no size/direction hints.
==1577136==    This could cause spurious value errors to appear.
==1577136==    See README_MISSING_SYSCALL_OR_IOCTL for guidance on writing a proper wrapper.
==1577137== Warning: noted but unhandled ioctl 0x7800 with no size/direction hints.
==1577137==    This could cause spurious value errors to appear.
==1577137==    See README_MISSING_SYSCALL_OR_IOCTL for guidance on writing a proper wrapper.
==1577138== Warning: noted but unhandled ioctl 0x7800 with no size/direction hints.
==1577138==    This could cause spurious value errors to appear.
==1577138==    See README_MISSING_SYSCALL_OR_IOCTL for guidance on writing a proper wrapper.
==1577135== brk segment overflow in thread #1: can't grow to 0x4a51000
==1577135== (see section Limitations in user manual)
==1577135== NOTE: further instances of this message will not be shown
==1577136== brk segment overflow in thread #1: can't grow to 0x4a51000
==1577136== (see section Limitations in user manual)
==1577136== NOTE: further instances of this message will not be shown
==1577137== brk segment overflow in thread #1: can't grow to 0x4a51000
==1577137== (see section Limitations in user manual)
==1577137== NOTE: further instances of this message will not be shown
==1577138== brk segment overflow in thread #1: can't grow to 0x4a51000
==1577138== (see section Limitations in user manual)
==1577138== NOTE: further instances of this message will not be shown
==1577135== WARNING: valgrind ignores shmget(shmflg) SHM_HUGETLB
==1577136== WARNING: valgrind ignores shmget(shmflg) SHM_HUGETLB
==1577137== WARNING: valgrind ignores shmget(shmflg) SHM_HUGETLB
==1577138== WARNING: valgrind ignores shmget(shmflg) SHM_HUGETLB
==1577138== 
==1577136== 
==1577137== 
==1577135== 
==1577138== I   refs:      801,767,551
==1577138== I1  misses:      2,036,059
==1577138== LLi misses:         22,183
==1577138== I1  miss rate:        0.25%
==1577138== LLi miss rate:        0.00%
==1577138== 
==1577138== D   refs:      424,099,091  (263,006,920 rd   + 161,092,171 wr)
==1577138== D1  misses:      3,361,998  (  2,043,884 rd   +   1,318,114 wr)
==1577138== LLd misses:        448,121  (     45,120 rd   +     403,001 wr)
==1577138== D1  miss rate:         0.8% (        0.8%     +         0.8%  )
==1577138== LLd miss rate:         0.1% (        0.0%     +         0.3%  )
==1577138== 
==1577138== LL refs:         5,398,057  (  4,079,943 rd   +   1,318,114 wr)
==1577138== LL misses:         470,304  (     67,303 rd   +     403,001 wr)
==1577138== LL miss rate:          0.0% (        0.0%     +         0.3%  )
==1577136== I   refs:      806,004,053
==1577136== I1  misses:      1,964,430
==1577136== LLi misses:         21,811
==1577136== I1  miss rate:        0.24%
==1577136== LLi miss rate:        0.00%
==1577136== 
==1577136== D   refs:      425,309,658  (264,081,033 rd   + 161,228,625 wr)
==1577136== D1  misses:      3,231,705  (  1,966,247 rd   +   1,265,458 wr)
==1577136== LLd misses:        445,773  (     45,142 rd   +     400,631 wr)
==1577136== D1  miss rate:         0.8% (        0.7%     +         0.8%  )
==1577136== LLd miss rate:         0.1% (        0.0%     +         0.2%  )
==1577136== 
==1577136== LL refs:         5,196,135  (  3,930,677 rd   +   1,265,458 wr)
==1577136== LL misses:         467,584  (     66,953 rd   +     400,631 wr)
==1577136== LL miss rate:          0.0% (        0.0%     +         0.2%  )
==1577137== I   refs:      805,800,643
==1577137== I1  misses:      2,176,256
==1577137== LLi misses:         22,017
==1577137== I1  miss rate:        0.27%
==1577137== LLi miss rate:        0.00%
==1577137== 
==1577137== D   refs:      424,993,578  (264,524,836 rd   + 160,468,742 wr)
==1577137== D1  misses:      3,341,014  (  2,007,695 rd   +   1,333,319 wr)
==1577137== LLd misses:        447,303  (     45,041 rd   +     402,262 wr)
==1577137== D1  miss rate:         0.8% (        0.8%     +         0.8%  )
==1577137== LLd miss rate:         0.1% (        0.0%     +         0.3%  )
==1577137== 
==1577137== LL refs:         5,517,270  (  4,183,951 rd   +   1,333,319 wr)
==1577137== LL misses:         469,320  (     67,058 rd   +     402,262 wr)
==1577137== LL miss rate:          0.0% (        0.0%     +         0.3%  )
==1577135== I   refs:      790,705,428
==1577135== I1  misses:      2,673,345
==1577135== LLi misses:         22,361
==1577135== I1  miss rate:        0.34%
==1577135== LLi miss rate:        0.00%
==1577135== 
==1577135== D   refs:      418,184,957  (258,562,632 rd   + 159,622,325 wr)
==1577135== D1  misses:      3,623,026  (  2,216,024 rd   +   1,407,002 wr)
==1577135== LLd misses:        475,457  (     54,431 rd   +     421,026 wr)
==1577135== D1  miss rate:         0.9% (        0.9%     +         0.9%  )
==1577135== LLd miss rate:         0.1% (        0.0%     +         0.3%  )
==1577135== 
==1577135== LL refs:         6,296,371  (  4,889,369 rd   +   1,407,002 wr)
==1577135== LL misses:         497,818  (     76,792 rd   +     421,026 wr)
==1577135== LL miss rate:          0.0% (        0.0%     +         0.3%  )
==
||
|| Execution of ert in slurm batch script complete.
||
==
